172.31.141.12/:1 The Cross-Origin-Opener-Policy header has been ignored, because the URL's origin was untrustworthy. It was defined either in the final response or a redirect. Please deliver the response using the HTTPS protocol. You can also use the 'localhost' origin instead. See https://www.w3.org/TR/powerful-features/#potentially-trustworthy-origin and https://html.spec.whatwg.org/#the-cross-origin-opener-policy-header.
game.js:2 DOM fully loaded and parsed
game.js:49 DOM elements initialized
game.js:72 Event listeners added
game.js:127 checkUserExists called with username: fifi
game.js:144 User existence check response: Object
game.js:153 handleRegister called
game.js:166 Attempting to register user: fifi
game.js:192 registerUser called with username: fifi
game.js:215 Registration response data: Object
game.js:217 User registered successfully: Object
game.js:170 Token stored: 363a40b1-e951-4acc-8eb6-aa0a25eb39f9
game.js:171 User registered successfully
game.js:676 ChatManager initialized for user: fifi
game.js:925 Joining room: main_room with username: fifi and token: 363a40b1-e951-4acc-8eb6-aa0a25eb39f9
game.js:933 Joining new room: main_room
game.js:852 createRoomTab: main_room with username: fifi and token: 363a40b1-e951-4acc-8eb6-aa0a25eb39f9
game.js:862 Tab for room main_room already exists.
game.js:875 Showing tab for room: main_room
game.js:691 Initializing chat WebSocket...
game.js:692 Initializing chat WebSocket for room: main_room with username: fifi
game.js:697 startChatWebSocket: main_room with username: fifi and token: 363a40b1-e951-4acc-8eb6-aa0a25eb39f9
game.js:952 ChatInput initialized for room: main_room, username: fifi
game.js:887 Attempting to switch to room: main_room
game.js:893 Switching from room null to room main_room
game.js:703 WebSocket ouvert pour l'utilisateur fifi dans la room main_room
game.js:711 Authentication message sent for room: main_room with username: fifi
game.js:717 Message received from server in room main_room: Object
game.js:749 Message displayed in chat log for room: main_room
game.js:965 Send button clicked, attempting to send message...
game.js:972 Attempting to send message: fdfdf
game.js:984 Sending chat message to WebSocket...
game.js:993 Message input cleared.
game.js:717 Message received from server in room main_room: Object
game.js:749 Message displayed in chat log for room: main_room
game.js:965 Send button clicked, attempting to send message...
game.js:972 Attempting to send message: fdfdfd
game.js:984 Sending chat message to WebSocket...
game.js:993 Message input cleared.
game.js:717 Message received from server in room main_room: Object
game.js:749 Message displayed in chat log for room: main_room
game.js:549 Token before WebSocket authentication: 363a40b1-e951-4acc-8eb6-aa0a25eb39f9
game.js:676 ChatManager initialized for user: fifi
game.js:925 Joining room: tournament with username: fifi and token: 363a40b1-e951-4acc-8eb6-aa0a25eb39f9
game.js:933 Joining new room: tournament
game.js:852 createRoomTab: tournament with username: fifi and token: 363a40b1-e951-4acc-8eb6-aa0a25eb39f9
game.js:862 Tab for room tournament already exists.
game.js:875 Showing tab for room: tournament
game.js:691 Initializing chat WebSocket...
game.js:692 Initializing chat WebSocket for room: tournament with username: fifi
game.js:697 startChatWebSocket: tournament with username: fifi and token: 363a40b1-e951-4acc-8eb6-aa0a25eb39f9
game.js:952 ChatInput initialized for room: tournament, username: fifi
game.js:887 Attempting to switch to room: tournament
game.js:893 Switching from room main_room to room tournament
game.js:898 Hiding chat log for previous room: main_room
game.js:563 Starting WebSocket connection for tournament...
game.js:703 WebSocket ouvert pour l'utilisateur fifi dans la room tournament
game.js:711 Authentication message sent for room: tournament with username: fifi
game.js:717 Message received from server in room tournament: Object
game.js:749 Message displayed in chat log for room: tournament
game.js:576 WebSocket connection established
game.js:584 Sending token for a tournament game
game.js:593 Authentication successful
game.js:965 Send button clicked, attempting to send message...
game.js:972 Attempting to send message: fdfdfd
game.js:984 Sending chat message to WebSocket...
game.js:993 Message input cleared.
game.js:717 Message received from server in room tournament: Object
game.js:749 Message displayed in chat log for room: tournament
game.js:965 Send button clicked, attempting to send message...
game.js:972 Attempting to send message: fdfdfd
game.js:984 Sending chat message to WebSocket...
game.js:993 Message input cleared.
game.js:717 Message received from server in room tournament: Object
game.js:749 Message displayed in chat log for room: tournament
game.js:717 Message received from server in room main_room: Object
game.js:749 Message displayed in chat log for room: main_room
game.js:717 Message received from server in room main_room: Object
game.js:749 Message displayed in chat log for room: main_room
game.js:717 Message received from server in room tournament: Object
game.js:749 Message displayed in chat log for room: tournament
game.js:717 Message received from server in room tournament: Object
game.js:749 Message displayed in chat log for room: tournament
game.js:717 Message received from server in room main_room: Object
game.js:749 Message displayed in chat log for room: main_room
game.js:717 Message received from server in room tournament: Object
game.js:749 Message displayed in chat log for room: tournament
(index):243 Switching to room: main_room
(index):249 Displaying chat log for: main_room
(index):259 Displaying chat input for: main_room
(index):268 Tab for main_room is now active
game.js:965 Send button clicked, attempting to send message...
game.js:972 Attempting to send message: fefefefe
game.js:984 Sending chat message to WebSocket...
game.js:993 Message input cleared.
game.js:717 Message received from server in room main_room: Object
game.js:749 Message displayed in chat log for room: main_room
game.js:965 Send button clicked, attempting to send message...
game.js:972 Attempting to send message: fefefe
game.js:984 Sending chat message to WebSocket...
game.js:993 Message input cleared.
game.js:717 Message received from server in room main_room: Object
game.js:749 Message displayed in chat log for room: main_room
game.js:717 Message received from server in room main_room: Object
game.js:749 Message displayed in chat log for room: main_room
game.js:717 Message received from server in room main_room: Object
game.js:749 Message displayed in chat log for room: main_room
game.js:965 Send button clicked, attempting to send message...
game.js:972 Attempting to send message: fefef
game.js:984 Sending chat message to WebSocket...
game.js:993 Message input cleared.
game.js:717 Message received from server in room main_room: Object
game.js:749 Message displayed in chat log for room: main_room
game.js:959 Enter key pressed, attempting to send message...
game.js:972 Attempting to send message: /b dire
game.js:977 Detected block command for user: dire
game.js:848 User dire added to blocked list.
game.js:1001 Sending block command to WebSocket for user: dire
game.js:993 Message input cleared.
game.js:717 Message received from server in room main_room: Object
game.js:759 Uncaught ReferenceError: Cannot access 'chatLog' before initialization
    at chatSocket.onmessage (game.js:759:9)
