:8080/:1 The Cross-Origin-Opener-Policy header has been ignored, because the URL's origin was untrustworthy. It was defined either in the final response or a redirect. Please deliver the response using the HTTPS protocol. You can also use the 'localhost' origin instead. See https://www.w3.org/TR/powerful-features/#potentially-trustworthy-origin and https://html.spec.whatwg.org/#the-cross-origin-opener-policy-header.
game.js:2 DOM fully loaded and parsed
game.js:52 DOM elements initialized
game.js:116 checkUserExists called with username: hhht
game.js:132 User existence check response: {exists: false}
game.js:141 handleRegister called
game.js:146 Nickname: hhht
game.js:147 Password: h
game.js:148 Confirm Password: h
game.js:152 Attempting to register user: hhht
game.js:154 Register result: {registered: true, token: '97580027-e7f1-42d6-b72a-ce3b117931b4'}
game.js:158 Token stored: 97580027-e7f1-42d6-b72a-ce3b117931b4
game.js:159 User registered successfully
game.js:164 ChatManager initialized: undefined
game.js:166 Initializing ChatManager with username: hhht and token: 97580027-e7f1-42d6-b72a-ce3b117931b4
game.js:643 ChatManager initialized for user: hhht
game.js:168 ChatManager initialized: ChatManager {username: 'hhht', token: '97580027-e7f1-42d6-b72a-ce3b117931b4', roomSockets: {…}, blockedUsers: Array(0), activeRoom: null}
game.js:171 chatManager is defined: ChatManager {username: 'hhht', token: '97580027-e7f1-42d6-b72a-ce3b117931b4', roomSockets: {…}, blockedUsers: Array(0), activeRoom: null}
game.js:176 Joining room: main_room
game.js:183 Error registering user: ReferenceError: chatManager is not defined
    at ChatManager.joinRoom (game.js:904:60)
    at HTMLButtonElement.handleRegister (game.js:177:18)
handleRegister @ game.js:183
