:8080/:1 The Cross-Origin-Opener-Policy header has been ignored, because the URL's origin was untrustworthy. It was defined either in the final response or a redirect. Please deliver the response using the HTTPS protocol. You can also use the 'localhost' origin instead. See https://www.w3.org/TR/powerful-features/#potentially-trustworthy-origin and https://html.spec.whatwg.org/#the-cross-origin-opener-policy-header.
game.js:2 DOM fully loaded and parsed
game.js:48 DOM elements initialized
game.js:71 Event listeners added
game.js:186 checkUserExists called with username: dudu
game.js:203 User existence check response: {exists: false}
game.js:212 handleRegister called
game.js:225 Attempting to register user: dudu
game.js:250 registerUser called with username: dudu
game.js:273 Registration response data: {registered: true, token: '1ef47a2c-dd05-40e7-946f-2a12f097ff99'}
game.js:275 User registered successfully: {registered: true, token: '1ef47a2c-dd05-40e7-946f-2a12f097ff99'}
game.js:229 Token stored: 1ef47a2c-dd05-40e7-946f-2a12f097ff99
game.js:230 User registered successfully
game.js:940 Joining room: main_room with username: dudu and token: 1ef47a2c-dd05-40e7-946f-2a12f097ff99
game.js:947 Joining new room: main_room
game.js:864 createRoomTab: main_room with username: dudu and token: 1ef47a2c-dd05-40e7-946f-2a12f097ff99
game.js:874 Tab for room main_room already exists.
game.js:888 Showing tab for room: main_room
game.js:783 Initializing chat WebSocket...
game.js:784 Initializing chat WebSocket for room: main_room with username: dudu
game.js:787 startChatWebSocket: main_room with username: dudu and token: 1ef47a2c-dd05-40e7-946f-2a12f097ff99
game.js:851 WebSocket connection stored for room: main_room
game.js:895 switchRoom: main_room with username: dudu and token: 1ef47a2c-dd05-40e7-946f-2a12f097ff99
game.js:901 Attempting to switch to room: main_room
game.js:907 Switching from room null to room main_room
game.js:792 Chat WebSocket connection established in room: main_room
game.js:801 Authentication message sent for room: main_room with username: dudu
game.js:807 Message received from server in room main_room: {type: 'error', message: 'Unhandled message type'}
game.js:828 Error message received: Unhandled message type
chatSocket.onmessage @ game.js:828
game.js:840 Chat WebSocket closed unexpectedly for room main_room
chatSocket.onclose @ game.js:840
