:8080/:1 The Cross-Origin-Opener-Policy header has been ignored, because the URL's origin was untrustworthy. It was defined either in the final response or a redirect. Please deliver the response using the HTTPS protocol. You can also use the 'localhost' origin instead. See https://www.w3.org/TR/powerful-features/#potentially-trustworthy-origin and https://html.spec.whatwg.org/#the-cross-origin-opener-policy-header.
game.js:2 DOM fully loaded and parsed
game.js:48 DOM elements initialized
game.js:71 Event listeners added
game.js:186 checkUserExists called with username: momo
game.js:203 User existence check response: {exists: false}
game.js:212 handleRegister called
game.js:225 Attempting to register user: momo
game.js:250 registerUser called with username: momo
game.js:273 Registration response data: {registered: true, token: 'a8d32848-21a0-494c-88db-26a86625ea6b'}
game.js:275 User registered successfully: {registered: true, token: 'a8d32848-21a0-494c-88db-26a86625ea6b'}
game.js:229 Token stored: a8d32848-21a0-494c-88db-26a86625ea6b
game.js:230 User registered successfully
game.js:996 Joining room: main_room with username: momo and token: a8d32848-21a0-494c-88db-26a86625ea6b
game.js:1003 Joining new room: main_room
game.js:920 createRoomTab: main_room with username: momo and token: a8d32848-21a0-494c-88db-26a86625ea6b
game.js:930 Tab for room main_room already exists.
game.js:944 Showing tab for room: main_room
game.js:818 Initializing chat WebSocket...
game.js:819 Initializing chat WebSocket for room: main_room with username: momo
game.js:822 startChatWebSocket: main_room with username: momo and token: a8d32848-21a0-494c-88db-26a86625ea6b
game.js:909 WebSocket connection stored for room: main_room
game.js:734 ChatInput initialized for room: main_room, username: momo
game.js:951 switchRoom: main_room with username: momo and token: a8d32848-21a0-494c-88db-26a86625ea6b
game.js:957 Attempting to switch to room: main_room
game.js:963 Switching from room null to room main_room
game.js:827 Chat WebSocket connection established in room: main_room
game.js:836 Authentication message sent for room: main_room with username: momo
game.js:841 Message received from server in room main_room: {type: 'authenticated', username: 'momo'}
game.js:861 User authenticated successfully in room: main_room
game.js:841 Message received from server in room main_room: {type: 'chat_message', message: 'momo:  a rejoint le chat main_room', room: 'main_room'}
game.js:843 No username provided in message. Defaulting to 'Anonymous'. Full message: {type: 'chat_message', message: 'momo:  a rejoint le chat main_room', room: 'main_room'}
chatSocket.onmessage @ game.js:843
game.js:850 No username provided in message. Defaulting to 'Anonymous' for room main_room.
chatSocket.onmessage @ game.js:850
