:8080/:1 The Cross-Origin-Opener-Policy header has been ignored, because the URL's origin was untrustworthy. It was defined either in the final response or a redirect. Please deliver the response using the HTTPS protocol. You can also use the 'localhost' origin instead. See https://www.w3.org/TR/powerful-features/#potentially-trustworthy-origin and https://html.spec.whatwg.org/#the-cross-origin-opener-policy-header.
game.js:2 DOM fully loaded and parsed
game.js:49 DOM elements initialized
game.js:72 Event listeners added
game.js:127 checkUserExists called with username: yyyy
game.js:144 User existence check response: {exists: false}
game.js:153 handleRegister called
game.js:166 Attempting to register user: yyyy
game.js:192 registerUser called with username: yyyy
game.js:215 Registration response data: {registered: true, token: 'e70d064c-dee0-4a93-a901-6eb5365f586c'}
game.js:217 User registered successfully: {registered: true, token: 'e70d064c-dee0-4a93-a901-6eb5365f586c'}
game.js:170 Token stored: e70d064c-dee0-4a93-a901-6eb5365f586c
game.js:171 User registered successfully
game.js:675 ChatManager initialized for user: yyyy
game.js:902 Joining room: main_room with username: yyyy and token: e70d064c-dee0-4a93-a901-6eb5365f586c
game.js:910 Joining new room: main_room
game.js:829 createRoomTab: main_room with username: yyyy and token: e70d064c-dee0-4a93-a901-6eb5365f586c
game.js:839 Tab for room main_room already exists.
game.js:852 Showing tab for room: main_room
game.js:690 Initializing chat WebSocket...
game.js:691 Initializing chat WebSocket for room: main_room with username: yyyy
game.js:696 startChatWebSocket: main_room with username: yyyy and token: e70d064c-dee0-4a93-a901-6eb5365f586c
game.js:929 ChatInput initialized for room: main_room, username: yyyy
game.js:864 Attempting to switch to room: main_room
game.js:870 Switching from room null to room main_room
game.js:702 Chat WebSocket connection established in room: main_room
game.js:710 Authentication message sent for room: main_room with username: yyyy
game.js:716 Message received from server in room main_room: {type: 'chat_message', username: 'yyyy', message: 'Authentication successful', room: 'main_room'}
game.js:733 Message displayed in chat log for room: main_room
game.js:716 Message received from server in room main_room: {type: 'chat_message', username: 'uuuu', message: 'Authentication successful', room: 'main_room'}
game.js:733 Message displayed in chat log for room: main_room
game.js:936 Enter key pressed, attempting to send message...
game.js:949 Attempting to send message: t't'ter
game.js:961 Sending chat message to WebSocket...
game.js:970 Message input cleared.
game.js:716 Message received from server in room main_room: {type: 'chat_message', username: 'yyyy', message: "t't'ter", room: 'main_room'}
game.js:733 Message displayed in chat log for room: main_room
game.js:936 Enter key pressed, attempting to send message...
game.js:949 Attempting to send message: rgrgrg
game.js:961 Sending chat message to WebSocket...
game.js:970 Message input cleared.
game.js:716 Message received from server in room main_room: {type: 'chat_message', username: 'yyyy', message: 'rgrgrg', room: 'main_room'}
game.js:733 Message displayed in chat log for room: main_room
game.js:936 Enter key pressed, attempting to send message...
game.js:949 Attempting to send message: grgreger
game.js:961 Sending chat message to WebSocket...
game.js:970 Message input cleared.
game.js:716 Message received from server in room main_room: {type: 'chat_message', username: 'yyyy', message: 'grgreger', room: 'main_room'}
game.js:733 Message displayed in chat log for room: main_room
game.js:936 Enter key pressed, attempting to send message...
game.js:949 Attempting to send message: gregerger
game.js:961 Sending chat message to WebSocket...
game.js:970 Message input cleared.
game.js:716 Message received from server in room main_room: {type: 'chat_message', username: 'yyyy', message: 'gregerger', room: 'main_room'}
game.js:733 Message displayed in chat log for room: main_room
game.js:936 Enter key pressed, attempting to send message...
game.js:949 Attempting to send message: /b uuuu
game.js:954 Detected block command for user: uuuu
game.js:825 User uuuu added to blocked list.
game.js:978 Sending block command to WebSocket for user: uuuu
game.js:970 Message input cleared.
game.js:716 Message received from server in room main_room: {type: 'block_user', message: 'Vous avez bloqué les messages de {target_user}'}
game.js:745 Vous avez bloqué les messages de {target_user}
game.js:748 Uncaught ReferenceError: Cannot access 'chatLog' before initialization
    at chatSocket.onmessage (game.js:748:9)
chatSocket.onmessage @ game.js:748
