172.31.141.12/:1 The Cross-Origin-Opener-Policy header has been ignored, because the URL's origin was untrustworthy. It was defined either in the final response or a redirect. Please deliver the response using the HTTPS protocol. You can also use the 'localhost' origin instead. See https://www.w3.org/TR/powerful-features/#potentially-trustworthy-origin and https://html.spec.whatwg.org/#the-cross-origin-opener-policy-header.
game.js:2 DOM fully loaded and parsed
game.js:48 DOM elements initialized
game.js:71 Event listeners added
game.js:186 checkUserExists called with username: dydy
game.js:203 User existence check response: Object
game.js:212 handleRegister called
game.js:225 Attempting to register user: dydy
game.js:250 registerUser called with username: dydy
game.js:273 Registration response data: Object
game.js:275 User registered successfully: Object
game.js:229 Token stored: e100faf3-acda-41db-aa33-399cf04ab623
game.js:230 User registered successfully
game.js:992 Joining room: main_room with username: dydy and token: e100faf3-acda-41db-aa33-399cf04ab623
game.js:999 Joining new room: main_room
game.js:916 createRoomTab: main_room with username: dydy and token: e100faf3-acda-41db-aa33-399cf04ab623
game.js:926 Tab for room main_room already exists.
game.js:940 Showing tab for room: main_room
game.js:818 Initializing chat WebSocket...
game.js:819 Initializing chat WebSocket for room: main_room with username: dydy
game.js:822 startChatWebSocket: main_room with username: dydy and token: e100faf3-acda-41db-aa33-399cf04ab623
game.js:905 WebSocket connection stored for room: main_room
game.js:734 ChatInput initialized for room: main_room, username: dydy
game.js:947 switchRoom: main_room with username: dydy and token: e100faf3-acda-41db-aa33-399cf04ab623
game.js:953 Attempting to switch to room: main_room
game.js:959 Switching from room null to room main_room
game.js:827 Chat WebSocket connection established in room: main_room
game.js:836 Authentication message sent for room: main_room with username: dydy
game.js:841 Message received from server in room main_room: Object
game.js:857 User authenticated successfully in room: main_room
game.js:841 Message received from server in room main_room: Object
game.js:846 No username provided in message. Defaulting to 'Anonymous' for room main_room.
chatSocket.onmessage @ game.js:846
game.js:749 Send button clicked, attempting to send message...
game.js:756 Attempting to send message: hghgh
game.js:768 Sending chat message to WebSocket...
game.js:777 Message input cleared.
game.js:841 Message received from server in room main_room: {type: 'chat_message', message: 'dydy: hghgh', room: 'main_room'}
game.js:846 No username provided in message. Defaulting to 'Anonymous' for room main_room.
chatSocket.onmessage @ game.js:846
