:8080/:1 The Cross-Origin-Opener-Policy header has been ignored, because the URL's origin was untrustworthy. It was defined either in the final response or a redirect. Please deliver the response using the HTTPS protocol. You can also use the 'localhost' origin instead. See https://www.w3.org/TR/powerful-features/#potentially-trustworthy-origin and https://html.spec.whatwg.org/#the-cross-origin-opener-policy-header.
game.js:2 DOM fully loaded and parsed
game.js:49 DOM elements initialized
game.js:72 Event listeners added
game.js:127 checkUserExists called with username: vgh
game.js:144 User existence check response: {exists: false}
game.js:153 handleRegister called
game.js:166 Attempting to register user: vgh
game.js:192 registerUser called with username: vgh
game.js:215 Registration response data: {registered: true, token: '4bc5a278-96ba-4a26-b7fc-d28ab2326476'}
game.js:217 User registered successfully: {registered: true, token: '4bc5a278-96ba-4a26-b7fc-d28ab2326476'}
game.js:170 Token stored: 4bc5a278-96ba-4a26-b7fc-d28ab2326476
game.js:171 User registered successfully
game.js:676 ChatManager initialized for user: vgh
game.js:905 Joining room: main_room with username: vgh and token: 4bc5a278-96ba-4a26-b7fc-d28ab2326476
game.js:913 Joining new room: main_room
game.js:832 createRoomTab: main_room with username: vgh and token: 4bc5a278-96ba-4a26-b7fc-d28ab2326476
game.js:842 Tab for room main_room already exists.
game.js:855 Showing tab for room: main_room
game.js:691 Initializing chat WebSocket...
game.js:692 Initializing chat WebSocket for room: main_room with username: vgh
game.js:697 startChatWebSocket: main_room with username: vgh and token: 4bc5a278-96ba-4a26-b7fc-d28ab2326476
game.js:932 ChatInput initialized for room: main_room, username: vgh
game.js:867 Attempting to switch to room: main_room
game.js:873 Switching from room null to room main_room
game.js:703 Chat WebSocket connection established in room: main_room
game.js:711 Authentication message sent for room: main_room with username: vgh
game.js:717 Message received from server in room main_room: {type: 'chat_message', username: 'vgh', message: 'Authentication successful', room: 'main_room'}
game.js:738 Message displayed in chat log for room: main_room
game.js:717 Message received from server in room main_room: {type: 'chat_message', username: 'kikki', message: 'Authentication successful', room: 'main_room'}
game.js:738 Message displayed in chat log for room: main_room
game.js:717 Message received from server in room main_room: {type: 'chat_message', username: 'kikki', message: 'fefefef', room: 'main_room'}
game.js:738 Message displayed in chat log for room: main_room
game.js:939 Enter key pressed, attempting to send message...
game.js:952 Attempting to send message: /i kikki
game.js:961 Detected invite command for user: kikki
game.js:991 Sending invite command to WebSocket for user: kikki
game.js:973 Message input cleared.
game.js:717 Message received from server in room main_room: {type: 'invite_confirmation', message: 'Vous avez invité kikki dans la room main_room'}
game.js:756 Confirmation de l'invitation reçue: Vous avez invité kikki dans la room main_room
game.js:761 Invitation confirmation message displayed in chat log: Vous avez invité kikki dans la room main_room
