:8080/:1 The Cross-Origin-Opener-Policy header has been ignored, because the URL's origin was untrustworthy. It was defined either in the final response or a redirect. Please deliver the response using the HTTPS protocol. You can also use the 'localhost' origin instead. See https://www.w3.org/TR/powerful-features/#potentially-trustworthy-origin and https://html.spec.whatwg.org/#the-cross-origin-opener-policy-header.
game.js:2 DOM fully loaded and parsed
game.js:52 DOM elements initialized
game.js:116 checkUserExists called with username: fezezf
game.js:132 User existence check response: {exists: false}
game.js:141 handleRegister called
game.js:146 Nickname: fezezf
game.js:147 Password: f
game.js:148 Confirm Password: f
game.js:152 Attempting to register user: fezezf
game.js:154 Register result: {registered: true, token: '523b1443-6312-4fec-91b6-bf66c6979f16'}
game.js:158 Token stored: 523b1443-6312-4fec-91b6-bf66c6979f16
game.js:159 User registered successfully
game.js:165 Initializing ChatManager with username: fezezf and token: 523b1443-6312-4fec-91b6-bf66c6979f16
game.js:636 ChatManager initialized for user: fezezf
game.js:167 ChatManager initialized: ChatManager {username: 'fezezf', token: '523b1443-6312-4fec-91b6-bf66c6979f16', roomSockets: {…}, blockedUsers: Array(0), activeRoom: null}
game.js:169 Joining room: main_room
game.js:176 Error registering user: ReferenceError: chatManager is not defined
    at ChatManager.joinRoom (game.js:897:60)
    at HTMLButtonElement.handleRegister (game.js:170:18)
handleRegister @ game.js:176
