:8080/:1 The Cross-Origin-Opener-Policy header has been ignored, because the URL's origin was untrustworthy. It was defined either in the final response or a redirect. Please deliver the response using the HTTPS protocol. You can also use the 'localhost' origin instead. See https://www.w3.org/TR/powerful-features/#potentially-trustworthy-origin and https://html.spec.whatwg.org/#the-cross-origin-opener-policy-header.
game.js:2 DOM fully loaded and parsed
game.js:48 DOM elements initialized
game.js:71 Event listeners added
game.js:186 checkUserExists called with username: dede
game.js:203 User existence check response: {exists: false}
game.js:212 handleRegister called
game.js:225 Attempting to register user: dede
game.js:250 registerUser called with username: dede
game.js:273 Registration response data: {registered: true, token: 'bfa1c516-1787-4c9c-b68c-6fbd364eaef2'}
game.js:275 User registered successfully: {registered: true, token: 'bfa1c516-1787-4c9c-b68c-6fbd364eaef2'}
game.js:229 Token stored: bfa1c516-1787-4c9c-b68c-6fbd364eaef2
game.js:230 User registered successfully
game.js:1040 Joining room: main_room with username: dede and token: bfa1c516-1787-4c9c-b68c-6fbd364eaef2
game.js:1047 Joining new room: main_room
game.js:964 createRoomTab: main_room with username: dede and token: bfa1c516-1787-4c9c-b68c-6fbd364eaef2
game.js:974 Tab for room main_room already exists.
game.js:988 Showing tab for room: main_room
game.js:823 Initializing chat WebSocket...
game.js:824 Initializing chat WebSocket for room: main_room with username: dede
game.js:827 startChatWebSocket: main_room with username: dede and token: bfa1c516-1787-4c9c-b68c-6fbd364eaef2
game.js:953 WebSocket connection stored for room: main_room
game.js:735 ChatInput initialized for room: main_room, username: dede
game.js:995 switchRoom: main_room with username: dede and token: bfa1c516-1787-4c9c-b68c-6fbd364eaef2
game.js:1001 Attempting to switch to room: main_room
game.js:1007 Switching from room null to room main_room
game.js:832 Chat WebSocket connection established in room: main_room
game.js:841 Authentication message sent for room: main_room with username: dede
game.js:846 Message received from server in room main_room: {type: 'chat_message', username: 'dede', message: 'Authentication successful', room: 'main_room'}
game.js:862 Uncaught TypeError: Cannot read properties of undefined (reading 'includes')
    at chatSocket.onmessage (game.js:862:30)
chatSocket.onmessage @ game.js:862
