:8080/:1 The Cross-Origin-Opener-Policy header has been ignored, because the URL's origin was untrustworthy. It was defined either in the final response or a redirect. Please deliver the response using the HTTPS protocol. You can also use the 'localhost' origin instead. See https://www.w3.org/TR/powerful-features/#potentially-trustworthy-origin and https://html.spec.whatwg.org/#the-cross-origin-opener-policy-header.
game.js:18 DOM fully loaded and parsed
game.js:58 DOM elements initialized
game.js:122 checkUserExists called with username: gfgfg
game.js:138 User existence check response: {exists: false}
game.js:147 handleRegister called
game.js:152 Nickname: gfgfg
game.js:153 Password: g
game.js:154 Confirm Password: g
game.js:158 Attempting to register user: gfgfg
game.js:160 Register result: {registered: true, token: '0cfe3801-85c5-490a-8229-c40851132638'}
game.js:164 Token stored: 0cfe3801-85c5-490a-8229-c40851132638
game.js:165 User registered successfully
game.js:170 ChatManager initialized: null
game.js:172 Initializing ChatManager with username: gfgfg and token: 0cfe3801-85c5-490a-8229-c40851132638
game.js:649 ChatManager initialized for user: gfgfg
game.js:174 ChatManager initialized: ChatManager {username: 'gfgfg', token: '0cfe3801-85c5-490a-8229-c40851132638', roomSockets: {…}, blockedUsers: Array(0), activeRoom: null}
game.js:177 chatManager is defined: ChatManager {username: 'gfgfg', token: '0cfe3801-85c5-490a-8229-c40851132638', roomSockets: {…}, blockedUsers: Array(0), activeRoom: null}
game.js:182 Joining room: main_room
game.js:914 Joining room: main_room with username: gfgfg and token: 0cfe3801-85c5-490a-8229-c40851132638
game.js:922 Joining new room: main_room
game.js:841 createRoomTab: main_room with username: gfgfg and token: 0cfe3801-85c5-490a-8229-c40851132638
game.js:851 Tab for room main_room already exists.
game.js:864 Showing tab for room: main_room
game.js:664 Initializing chat WebSocket...
game.js:665 Initializing chat WebSocket for room: main_room with username: gfgfg
game.js:670 startChatWebSocket: main_room with username: gfgfg and token: 0cfe3801-85c5-490a-8229-c40851132638
game.js:943 ChatInput initialized for room: main_room, username: gfgfg
game.js:876 Attempting to switch to room: main_room
game.js:882 Switching from room null to room main_room
game.js:676 WebSocket ouvert pour l'utilisateur gfgfg dans la room main_room
game.js:684 Authentication message sent for room: main_room with username: gfgfg
game.js:690 Message received from server in room main_room: {type: 'chat_message', username: 'gfgfg', message: 'Authentication successful', room: 'main_room'}
game.js:715 Message displayed in chat log for room: main_room
game.js:956 Send button clicked, attempting to send message...
game.js:963 Attempting to send message: gfgfg
game.js:975 Sending chat message to WebSocket...
game.js:984 Message input cleared.
game.js:690 Message received from server in room main_room: {type: 'chat_message', username: 'gfgfg', message: 'gfgfg', room: 'main_room'}
game.js:715 Message displayed in chat log for room: main_room
game.js:950 Enter key pressed, attempting to send message...
game.js:963 Attempting to send message: conard
game.js:975 Sending chat message to WebSocket...
game.js:984 Message input cleared.
game.js:690 Message received from server in room main_room: {type: 'chat_message', username: 'gfgfg', message: 'conard', room: 'main_room'}
game.js:715 Message displayed in chat log for room: main_room
game.js:690 Message received from server in room main_room: {type: 'chat_message', username: 'ferne', message: 'hghgh', room: 'main_room'}
game.js:715 Message displayed in chat log for room: main_room
game.js:690 Message received from server in room main_room: {type: 'chat_message', username: 'server', message: 'ferne a invité gfgfg à rejoindre une partie main_room', room: 'main_room'}
game.js:715 Message displayed in chat log for room: main_room
game.js:690 Message received from server in room main_room: {type: 'invite', inviter: 'ferne', target_user: 'gfgfg', message: 'ferne vous a invité à rejoindre la room main_room.', room: 'main_room'}
game.js:748 Invitation reçue de ferne
game.js:758 Réponse à l'invitation: yes
game.js:771 L'invité gfgfg va démarrer le QuickMatch...
game.js:773 Invitation acceptée, démarrage du QuickMatch pour l'invité après un délai...
game.js:690 Message received from server in room main_room: {type: 'chat_message', username: 'server', message: "gfgfg a répondu yes à l'invitation.", room: 'main_room'}
game.js:715 Message displayed in chat log for room: main_room
game.js:690 Message received from server in room main_room: {type: 'invite_response', message: "gfgfg a répondu yes à l'invitation.", response: 'yes', inviter: 'ferne'}
game.js:775 Appel de startQuickMatch...
game.js:4 Starting quick match...
game.js:777 startQuickMatch appelé.
