:8080/:1 The Cross-Origin-Opener-Policy header has been ignored, because the URL's origin was untrustworthy. It was defined either in the final response or a redirect. Please deliver the response using the HTTPS protocol. You can also use the 'localhost' origin instead. See https://www.w3.org/TR/powerful-features/#potentially-trustworthy-origin and https://html.spec.whatwg.org/#the-cross-origin-opener-policy-header.
game.js:2 DOM fully loaded and parsed
game.js:49 DOM elements initialized
game.js:72 Event listeners added
game.js:127 checkUserExists called with username: vdvd
game.js:144 User existence check response: {exists: false}
game.js:153 handleRegister called
game.js:166 Attempting to register user: vdvd
game.js:193 registerUser called with username: vdvd
game.js:216 Registration response data: {registered: true, token: '73f480a3-30dd-4dc6-92fd-8721fcd74778'}
game.js:218 User registered successfully: {registered: true, token: '73f480a3-30dd-4dc6-92fd-8721fcd74778'}
game.js:170 Token stored: 73f480a3-30dd-4dc6-92fd-8721fcd74778
game.js:171 User registered successfully
game.js:697 ChatManager initialized for user: vdvd
game.js:954 Joining room: main_room with username: vdvd and token: 73f480a3-30dd-4dc6-92fd-8721fcd74778
game.js:962 Joining new room: main_room
game.js:881 createRoomTab: main_room with username: vdvd and token: 73f480a3-30dd-4dc6-92fd-8721fcd74778
game.js:891 Tab for room main_room already exists.
game.js:904 Showing tab for room: main_room
game.js:712 Initializing chat WebSocket...
game.js:713 Initializing chat WebSocket for room: main_room with username: vdvd
game.js:718 startChatWebSocket: main_room with username: vdvd and token: 73f480a3-30dd-4dc6-92fd-8721fcd74778
game.js:981 ChatInput initialized for room: main_room, username: vdvd
game.js:916 Attempting to switch to room: main_room
game.js:922 Switching from room null to room main_room
game.js:724 WebSocket ouvert pour l'utilisateur vdvd dans la room main_room
game.js:732 Authentication message sent for room: main_room with username: vdvd
game.js:738 Message received from server in room main_room: {type: 'chat_message', username: 'vdvd', message: 'Authentication successful', room: 'main_room'}
game.js:763 Message displayed in chat log for room: main_room
game.js:738 Message received from server in room main_room: {type: 'chat_message', username: 'zazaz', message: 'Authentication successful', room: 'main_room'}
game.js:763 Message displayed in chat log for room: main_room
game.js:988 Enter key pressed, attempting to send message...
game.js:1001 Attempting to send message: /i zazaz
game.js:1010 Detected invite command for user: zazaz
game.js:1053 Sending invite command to WebSocket for user: zazaz
game.js:1022 Message input cleared.
game.js:738 Message received from server in room main_room: {type: 'chat_message', username: 'server', message: 'vdvd a invité zazaz à rejoindre une partie main_room', room: 'main_room'}
game.js:763 Message displayed in chat log for room: main_room
game.js:738 Message received from server in room main_room: {type: 'invite', inviter: 'vdvd', target_user: 'zazaz', message: 'vdvd vous a invité à rejoindre la room main_room.', room: 'main_room'}
game.js:738 Message received from server in room main_room: {type: 'chat_message', username: 'server', message: "zazaz a répondu yes à l'invitation.", room: 'main_room'}
game.js:763 Message displayed in chat log for room: main_room
game.js:738 Message received from server in room main_room: {type: 'invite_response', message: "zazaz a répondu yes à l'invitation.", response: 'yes'}
