:8080/:1 The Cross-Origin-Opener-Policy header has been ignored, because the URL's origin was untrustworthy. It was defined either in the final response or a redirect. Please deliver the response using the HTTPS protocol. You can also use the 'localhost' origin instead. See https://www.w3.org/TR/powerful-features/#potentially-trustworthy-origin and https://html.spec.whatwg.org/#the-cross-origin-opener-policy-header.
game.js:3 DOM fully loaded and parsed
game.js:43 DOM elements initialized
game.js:118 checkUserExists called with username: hhh
game.js:134 User existence check response: {exists: false}
game.js:143 handleRegister called
game.js:148 Nickname: hhh
game.js:149 Password: h
game.js:150 Confirm Password: h
game.js:154 Attempting to register user: hhh
game.js:156 Register result: {registered: true, token: '56c05ced-8b37-4179-9c9a-8f44db796351'}
game.js:160 Token stored: 56c05ced-8b37-4179-9c9a-8f44db796351
game.js:161 User registered successfully
game.js:166 ChatManager initialized: null
game.js:168 Initializing ChatManager with username: hhh and token: 56c05ced-8b37-4179-9c9a-8f44db796351
game.js:762 ChatManager initialized for user: hhh
game.js:170 ChatManager initialized: ChatManager {username: 'hhh', token: '56c05ced-8b37-4179-9c9a-8f44db796351', roomSockets: {…}, blockedUsers: Array(0), activeRoom: null, …}
game.js:173 chatManager is defined: ChatManager {username: 'hhh', token: '56c05ced-8b37-4179-9c9a-8f44db796351', roomSockets: {…}, blockedUsers: Array(0), activeRoom: null, …}
game.js:178 Joining room: main_room
game.js:1027 Joining room: main_room with username: hhh and token: 56c05ced-8b37-4179-9c9a-8f44db796351
game.js:1035 Joining new room: main_room
game.js:954 createRoomTab: main_room with username: hhh and token: 56c05ced-8b37-4179-9c9a-8f44db796351
game.js:964 Tab for room main_room already exists.
game.js:977 Showing tab for room: main_room
game.js:791 Initializing chat WebSocket...
game.js:792 Initializing chat WebSocket for room: main_room with username: hhh
game.js:797 startChatWebSocket: main_room with username: hhh and token: 56c05ced-8b37-4179-9c9a-8f44db796351
game.js:1070 ChatInput initialized for room: main_room, username: hhh
game.js:989 Attempting to switch to room: main_room
game.js:995 Switching from room null to room main_room
game.js:803 WebSocket ouvert pour l'utilisateur hhh dans la room main_room
game.js:811 Authentication message sent for room: main_room with username: hhh
game.js:817 Message received from server in room main_room: {type: 'chat_message', username: 'hhh', message: 'Authentication successful', room: 'main_room'}
game.js:842 Message displayed in chat log for room: main_room
game.js:817 Message received from server in room main_room: {type: 'chat_message', username: 'v', message: 'Authentication successful', room: 'main_room'}
game.js:842 Message displayed in chat log for room: main_room
game.js:1077 Enter key pressed, attempting to send message...
game.js:1090 Attempting to send message: /s v
game.js:1103 Detected stats command for user: v
game.js:660 Detected stats command for user: v
burger.js:79 Fetching players...
game.js:1115 Message input cleared.
burger.js:149 Displaying players:
game.js:669 Players received in sendStatsCommand: []
game.js:677 Player with username v not found.
game.js:817 Message received from server in room main_room: {type: 'chat_message', username: 'er', message: 'Authentication successful', room: 'main_room'}
game.js:842 Message displayed in chat log for room: main_room
game.js:459 Token before WebSocket authentication: 56c05ced-8b37-4179-9c9a-8f44db796351
game.js:762 ChatManager initialized for user: hhh
game.js:1027 Joining room: tournament with username: hhh and token: 56c05ced-8b37-4179-9c9a-8f44db796351
game.js:1035 Joining new room: tournament
game.js:954 createRoomTab: tournament with username: hhh and token: 56c05ced-8b37-4179-9c9a-8f44db796351
game.js:964 Tab for room tournament already exists.
game.js:977 Showing tab for room: tournament
game.js:791 Initializing chat WebSocket...
game.js:792 Initializing chat WebSocket for room: tournament with username: hhh
game.js:797 startChatWebSocket: tournament with username: hhh and token: 56c05ced-8b37-4179-9c9a-8f44db796351
game.js:1070 ChatInput initialized for room: tournament, username: hhh
game.js:989 Attempting to switch to room: tournament
game.js:995 Switching from room main_room to room tournament
game.js:1000 Hiding chat log for previous room: main_room
game.js:473 Starting WebSocket connection for tournament...
game.js:803 WebSocket ouvert pour l'utilisateur hhh dans la room tournament
game.js:811 Authentication message sent for room: tournament with username: hhh
game.js:817 Message received from server in room tournament: {type: 'chat_message', username: 'hhh', message: 'Authentication successful', room: 'tournament'}
game.js:842 Message displayed in chat log for room: tournament
game.js:486 WebSocket connection established
game.js:494 Sending token for a tournament game
game.js:502 Authentication successful
game.js:525 Start TOURNAMENT sent..
game.js:539 Prochain match du tournoi: Prochain match: er contre v
game.js:506 Game started: 2 ( hhh vs BOT )
game.js:514 Game ended: 2
game.js:817 Message received from server in room tournament: {type: 'chat_message', username: 'Server', message: 'Prochain match: er contre v', room: 'tournament'}
game.js:842 Message displayed in chat log for room: tournament
game.js:817 Message received from server in room tournament: {type: 'chat_message', username: 'Server', message: 'Prochain match: er contre v', room: 'tournament'}
game.js:842 Message displayed in chat log for room: tournament
game.js:539 Prochain match du tournoi: Prochain match: v contre hhh
game.js:506 Game started: 3 ( v vs hhh )
game.js:589 Rendering game state...
game.js:817 Message received from server in room tournament: {type: 'chat_message', username: 'Server', message: 'Prochain match: v contre hhh', room: 'tournament'}
game.js:842 Message displayed in chat log for room: tournament
game.js:589 Rendering game state...
game.js:589 Rendering game state...
game.js:589 Rendering game state...
game.js:589 Rendering game state...
game.js:589 Rendering game state...
game.js:589 Rendering game state...
game.js:589 Rendering game state...
game.js:589 Rendering game state...
game.js:589 Rendering game state...
game.js:589 Rendering game state...
game.js:589 Rendering game state...
game.js:589 Rendering game state...
game.js:589 Rendering game state...
game.js:589 Rendering game state...
game.js:589 Rendering game state...
game.js:589 Rendering game state...
game.js:589 Rendering game state...
game.js:589 Rendering game state...
game.js:589 Rendering game state...
game.js:589 Rendering game state...
game.js:589 Rendering game state...
game.js:589 Rendering game state...
game.js:589 Rendering game state...
game.js:589 Rendering game state...
game.js:589 Rendering game state...
game.js:589 Rendering game state...
game.js:589 Rendering game state...
game.js:589 Rendering game state...
game.js:589 Rendering game state...
game.js:589 Rendering game state...
game.js:589 Rendering game state...
game.js:589 Rendering game state...
game.js:589 Rendering game state...
game.js:589 Rendering game state...
game.js:589 Rendering game state...
game.js:589 Rendering game state...
game.js:589 Rendering game state...
game.js:589 Rendering game state...
game.js:589 Rendering game state...
game.js:589 Rendering game state...
game.js:589 Rendering game state...
game.js:589 Rendering game state...
game.js:589 Rendering game state...
game.js:589 Rendering game state...
game.js:589 Rendering game state...
game.js:589 Rendering game state...
game.js:589 Rendering game state...
game.js:589 Rendering game state...
game.js:589 Rendering game state...
game.js:589 Rendering game state...
game.js:589 Rendering game state...
game.js:589 Rendering game state...
game.js:589 Rendering game state...
game.js:589 Rendering game state...
game.js:589 Rendering game state...
game.js:589 Rendering game state...
game.js:589 Rendering game state...
game.js:589 Rendering game state...
game.js:589 Rendering game state...
game.js:589 Rendering game state...
game.js:589 Rendering game state...
game.js:589 Rendering game state...
game.js:589 Rendering game state...
game.js:589 Rendering game state...
game.js:589 Rendering game state...
game.js:589 Rendering game state...
game.js:589 Rendering game state...
game.js:589 Rendering game state...
game.js:589 Rendering game state...
game.js:589 Rendering game state...
game.js:589 Rendering game state...
game.js:589 Rendering game state...
game.js:589 Rendering game state...
game.js:589 Rendering game state...
game.js:589 Rendering game state...
game.js:589 Rendering game state...
game.js:589 Rendering game state...
game.js:589 Rendering game state...
game.js:589 Rendering game state...
game.js:589 Rendering game state...
game.js:589 Rendering game state...
game.js:589 Rendering game state...
game.js:589 Rendering game state...
game.js:589 Rendering game state...
game.js:589 Rendering game state...
game.js:589 Rendering game state...
game.js:589 Rendering game state...
game.js:589 Rendering game state...
game.js:589 Rendering game state...
game.js:589 Rendering game state...
game.js:589 Rendering game state...
game.js:589 Rendering game state...
game.js:589 Rendering game state...
game.js:589 Rendering game state...
game.js:589 Rendering game state...
game.js:589 Rendering game state...
game.js:589 Rendering game state...
game.js:589 Rendering game state...
game.js:589 Rendering game state...
game.js:589 Rendering game state...
game.js:589 Rendering game state...
game.js:589 Rendering game state...
game.js:589 Rendering game state...
game.js:589 Rendering game state...
game.js:589 Rendering game state...
game.js:589 Rendering game state...
game.js:589 Rendering game state...
game.js:589 Rendering game state...
game.js:589 Rendering game state...
game.js:589 Rendering game state...
game.js:589 Rendering game state...
game.js:589 Rendering game state...
game.js:589 Rendering game state...
game.js:589 Rendering game state...
game.js:589 Rendering game state...
game.js:589 Rendering game state...
game.js:589 Rendering game state...
game.js:589 Rendering game state...
game.js:589 Rendering game state...
game.js:589 Rendering game state...
game.js:589 Rendering game state...
game.js:589 Rendering game state...
game.js:589 Rendering game state...
game.js:589 Rendering game state...
game.js:589 Rendering game state...
game.js:589 Rendering game state...
game.js:589 Rendering game state...
game.js:589 Rendering game state...
game.js:589 Rendering game state...
game.js:589 Rendering game state...
game.js:589 Rendering game state...
game.js:589 Rendering game state...
game.js:589 Rendering game state...
game.js:589 Rendering game state...
game.js:589 Rendering game state...
game.js:589 Rendering game state...
game.js:589 Rendering game state...
game.js:589 Rendering game state...
game.js:589 Rendering game state...
game.js:589 Rendering game state...
game.js:589 Rendering game state...
game.js:589 Rendering game state...
game.js:589 Rendering game state...
game.js:589 Rendering game state...
game.js:589 Rendering game state...
game.js:589 Rendering game state...
game.js:589 Rendering game state...
game.js:589 Rendering game state...
game.js:589 Rendering game state...
game.js:589 Rendering game state...
game.js:589 Rendering game state...
game.js:589 Rendering game state...
game.js:589 Rendering game state...
game.js:589 Rendering game state...
game.js:589 Rendering game state...
game.js:589 Rendering game state...
game.js:589 Rendering game state...
game.js:589 Rendering game state...
game.js:589 Rendering game state...
game.js:589 Rendering game state...
game.js:589 Rendering game state...
game.js:589 Rendering game state...
game.js:589 Rendering game state...
game.js:589 Rendering game state...
game.js:589 Rendering game state...
game.js:589 Rendering game state...
game.js:589 Rendering game state...
game.js:589 Rendering game state...
game.js:589 Rendering game state...
game.js:589 Rendering game state...
game.js:589 Rendering game state...
game.js:589 Rendering game state...
game.js:589 Rendering game state...
game.js:589 Rendering game state...
game.js:589 Rendering game state...
game.js:589 Rendering game state...
game.js:589 Rendering game state...
game.js:589 Rendering game state...
game.js:589 Rendering game state...
game.js:589 Rendering game state...
game.js:589 Rendering game state...
game.js:589 Rendering game state...
game.js:589 Rendering game state...
game.js:589 Rendering game state...
game.js:589 Rendering game state...
game.js:589 Rendering game state...
game.js:589 Rendering game state...
game.js:589 Rendering game state...
game.js:589 Rendering game state...
game.js:589 Rendering game state...
game.js:589 Rendering game state...
game.js:589 Rendering game state...
game.js:589 Rendering game state...
game.js:589 Rendering game state...
game.js:589 Rendering game state...
game.js:589 Rendering game state...
game.js:589 Rendering game state...
game.js:589 Rendering game state...
game.js:589 Rendering game state...
game.js:589 Rendering game state...
game.js:589 Rendering game state...
game.js:589 Rendering game state...
game.js:589 Rendering game state...
game.js:589 Rendering game state...
game.js:589 Rendering game state...
game.js:589 Rendering game state...
game.js:589 Rendering game state...
game.js:589 Rendering game state...
game.js:589 Rendering game state...
game.js:589 Rendering game state...
game.js:589 Rendering game state...
game.js:589 Rendering game state...
game.js:589 Rendering game state...
game.js:589 Rendering game state...
game.js:589 Rendering game state...
game.js:589 Rendering game state...
game.js:589 Rendering game state...
game.js:589 Rendering game state...
game.js:589 Rendering game state...
game.js:589 Rendering game state...
game.js:589 Rendering game state...
game.js:589 Rendering game state...
game.js:589 Rendering game state...
game.js:589 Rendering game state...
game.js:589 Rendering game state...
game.js:589 Rendering game state...
game.js:589 Rendering game state...
game.js:589 Rendering game state...
game.js:589 Rendering game state...
game.js:589 Rendering game state...
game.js:589 Rendering game state...
game.js:589 Rendering game state...
game.js:589 Rendering game state...
game.js:589 Rendering game state...
game.js:589 Rendering game state...
game.js:589 Rendering game state...
game.js:589 Rendering game state...
game.js:589 Rendering game state...
game.js:589 Rendering game state...
game.js:589 Rendering game state...
game.js:589 Rendering game state...
game.js:589 Rendering game state...
game.js:589 Rendering game state...
game.js:589 Rendering game state...
game.js:589 Rendering game state...
game.js:589 Rendering game state...
game.js:589 Rendering game state...
game.js:589 Rendering game state...
game.js:589 Rendering game state...
game.js:589 Rendering game state...
game.js:589 Rendering game state...
game.js:589 Rendering game state...
game.js:589 Rendering game state...
game.js:589 Rendering game state...
game.js:589 Rendering game state...
game.js:589 Rendering game state...
game.js:589 Rendering game state...
game.js:589 Rendering game state...
game.js:589 Rendering game state...
game.js:589 Rendering game state...
game.js:589 Rendering game state...
game.js:589 Rendering game state...
game.js:589 Rendering game state...
game.js:589 Rendering game state...
game.js:589 Rendering game state...
game.js:589 Rendering game state...
game.js:589 Rendering game state...
game.js:589 Rendering game state...
game.js:589 Rendering game state...
game.js:589 Rendering game state...
game.js:589 Rendering game state...
game.js:589 Rendering game state...
game.js:589 Rendering game state...
game.js:589 Rendering game state...
game.js:589 Rendering game state...
game.js:589 Rendering game state...
game.js:589 Rendering game state...
game.js:589 Rendering game state...
game.js:589 Rendering game state...
game.js:589 Rendering game state...
game.js:589 Rendering game state...
game.js:589 Rendering game state...
game.js:589 Rendering game state...
game.js:589 Rendering game state...
game.js:589 Rendering game state...
game.js:589 Rendering game state...
game.js:589 Rendering game state...
game.js:589 Rendering game state...
game.js:589 Rendering game state...
game.js:589 Rendering game state...
game.js:589 Rendering game state...
game.js:589 Rendering game state...
game.js:589 Rendering game state...
game.js:589 Rendering game state...
game.js:589 Rendering game state...
game.js:589 Rendering game state...
game.js:589 Rendering game state...
game.js:589 Rendering game state...
game.js:589 Rendering game state...
game.js:589 Rendering game state...
game.js:589 Rendering game state...
game.js:589 Rendering game state...
game.js:589 Rendering game state...
game.js:589 Rendering game state...
game.js:589 Rendering game state...
game.js:589 Rendering game state...
game.js:589 Rendering game state...
game.js:589 Rendering game state...
game.js:589 Rendering game state...
game.js:589 Rendering game state...
game.js:589 Rendering game state...
game.js:589 Rendering game state...
game.js:589 Rendering game state...
game.js:589 Rendering game state...
game.js:589 Rendering game state...
game.js:589 Rendering game state...
game.js:589 Rendering game state...
game.js:589 Rendering game state...
game.js:589 Rendering game state...
game.js:589 Rendering game state...
game.js:589 Rendering game state...
game.js:589 Rendering game state...
game.js:589 Rendering game state...
game.js:589 Rendering game state...
game.js:589 Rendering game state...
game.js:589 Rendering game state...
game.js:589 Rendering game state...
game.js:589 Rendering game state...
game.js:589 Rendering game state...
game.js:589 Rendering game state...
game.js:589 Rendering game state...
game.js:589 Rendering game state...
game.js:589 Rendering game state...
game.js:589 Rendering game state...
game.js:589 Rendering game state...
game.js:589 Rendering game state...
game.js:589 Rendering game state...
game.js:589 Rendering game state...
game.js:589 Rendering game state...
game.js:589 Rendering game state...
game.js:589 Rendering game state...
game.js:589 Rendering game state...
game.js:589 Rendering game state...
game.js:589 Rendering game state...
game.js:589 Rendering game state...
game.js:589 Rendering game state...
game.js:589 Rendering game state...
game.js:589 Rendering game state...
game.js:589 Rendering game state...
game.js:589 Rendering game state...
game.js:589 Rendering game state...
game.js:589 Rendering game state...
game.js:589 Rendering game state...
game.js:589 Rendering game state...
game.js:589 Rendering game state...
game.js:589 Rendering game state...
game.js:589 Rendering game state...
game.js:589 Rendering game state...
game.js:589 Rendering game state...
game.js:589 Rendering game state...
game.js:589 Rendering game state...
game.js:589 Rendering game state...
game.js:589 Rendering game state...
game.js:589 Rendering game state...
game.js:589 Rendering game state...
game.js:589 Rendering game state...
game.js:589 Rendering game state...
game.js:589 Rendering game state...
game.js:589 Rendering game state...
game.js:589 Rendering game state...
game.js:589 Rendering game state...
game.js:589 Rendering game state...
game.js:589 Rendering game state...
game.js:589 Rendering game state...
game.js:589 Rendering game state...
game.js:589 Rendering game state...
game.js:589 Rendering game state...
game.js:589 Rendering game state...
game.js:589 Rendering game state...
game.js:589 Rendering game state...
game.js:589 Rendering game state...
game.js:589 Rendering game state...
game.js:589 Rendering game state...
game.js:589 Rendering game state...
game.js:589 Rendering game state...
game.js:589 Rendering game state...
game.js:589 Rendering game state...
game.js:589 Rendering game state...
game.js:589 Rendering game state...
game.js:589 Rendering game state...
game.js:589 Rendering game state...
game.js:589 Rendering game state...
game.js:589 Rendering game state...
game.js:589 Rendering game state...
game.js:589 Rendering game state...
game.js:589 Rendering game state...
game.js:589 Rendering game state...
game.js:589 Rendering game state...
game.js:589 Rendering game state...
game.js:589 Rendering game state...
game.js:589 Rendering game state...
game.js:589 Rendering game state...
game.js:589 Rendering game state...
game.js:589 Rendering game state...
game.js:589 Rendering game state...
game.js:589 Rendering game state...
game.js:589 Rendering game state...
game.js:589 Rendering game state...
game.js:589 Rendering game state...
game.js:589 Rendering game state...
game.js:589 Rendering game state...
game.js:589 Rendering game state...
game.js:589 Rendering game state...
game.js:589 Rendering game state...
game.js:589 Rendering game state...
game.js:589 Rendering game state...
game.js:589 Rendering game state...
game.js:589 Rendering game state...
game.js:589 Rendering game state...
game.js:589 Rendering game state...
game.js:589 Rendering game state...
game.js:589 Rendering game state...
game.js:589 Rendering game state...
game.js:589 Rendering game state...
game.js:589 Rendering game state...
game.js:589 Rendering game state...
game.js:589 Rendering game state...
game.js:589 Rendering game state...
game.js:589 Rendering game state...
game.js:589 Rendering game state...
game.js:589 Rendering game state...
game.js:589 Rendering game state...
game.js:589 Rendering game state...
game.js:589 Rendering game state...
game.js:589 Rendering game state...
game.js:589 Rendering game state...
game.js:589 Rendering game state...
game.js:589 Rendering game state...
game.js:589 Rendering game state...
game.js:589 Rendering game state...
game.js:589 Rendering game state...
game.js:589 Rendering game state...
game.js:589 Rendering game state...
game.js:589 Rendering game state...
game.js:589 Rendering game state...
game.js:589 Rendering game state...
game.js:589 Rendering game state...
game.js:589 Rendering game state...
game.js:589 Rendering game state...
game.js:589 Rendering game state...
game.js:589 Rendering game state...
game.js:589 Rendering game state...
game.js:589 Rendering game state...
game.js:589 Rendering game state...
game.js:589 Rendering game state...
game.js:589 Rendering game state...
game.js:589 Rendering game state...
game.js:589 Rendering game state...
game.js:589 Rendering game state...
game.js:589 Rendering game state...
game.js:589 Rendering game state...
game.js:589 Rendering game state...
game.js:589 Rendering game state...
game.js:589 Rendering game state...
game.js:589 Rendering game state...
game.js:589 Rendering game state...
game.js:589 Rendering game state...
game.js:589 Rendering game state...
game.js:589 Rendering game state...
game.js:589 Rendering game state...
game.js:589 Rendering game state...
game.js:589 Rendering game state...
game.js:589 Rendering game state...
game.js:589 Rendering game state...
game.js:589 Rendering game state...
game.js:589 Rendering game state...
game.js:589 Rendering game state...
game.js:589 Rendering game state...
game.js:589 Rendering game state...
game.js:589 Rendering game state...
game.js:589 Rendering game state...
game.js:589 Rendering game state...
game.js:589 Rendering game state...
game.js:589 Rendering game state...
game.js:589 Rendering game state...
game.js:589 Rendering game state...
game.js:589 Rendering game state...
game.js:589 Rendering game state...
game.js:589 Rendering game state...
game.js:589 Rendering game state...
game.js:589 Rendering game state...
game.js:589 Rendering game state...
game.js:589 Rendering game state...
game.js:589 Rendering game state...
game.js:589 Rendering game state...
game.js:589 Rendering game state...
game.js:589 Rendering game state...
game.js:589 Rendering game state...
game.js:589 Rendering game state...
game.js:589 Rendering game state...
game.js:589 Rendering game state...
game.js:589 Rendering game state...
game.js:589 Rendering game state...
game.js:589 Rendering game state...
game.js:589 Rendering game state...
game.js:589 Rendering game state...
game.js:589 Rendering game state...
game.js:589 Rendering game state...
game.js:589 Rendering game state...
game.js:589 Rendering game state...
game.js:589 Rendering game state...
game.js:589 Rendering game state...
game.js:589 Rendering game state...
game.js:589 Rendering game state...
game.js:589 Rendering game state...
game.js:589 Rendering game state...
game.js:589 Rendering game state...
game.js:589 Rendering game state...
game.js:589 Rendering game state...
game.js:589 Rendering game state...
game.js:589 Rendering game state...
game.js:589 Rendering game state...
game.js:589 Rendering game state...
game.js:589 Rendering game state...
game.js:589 Rendering game state...
game.js:589 Rendering game state...
game.js:589 Rendering game state...
game.js:589 Rendering game state...
game.js:589 Rendering game state...
game.js:589 Rendering game state...
game.js:589 Rendering game state...
game.js:589 Rendering game state...
game.js:589 Rendering game state...
game.js:589 Rendering game state...
game.js:589 Rendering game state...
game.js:589 Rendering game state...
game.js:589 Rendering game state...
game.js:589 Rendering game state...
game.js:589 Rendering game state...
game.js:589 Rendering game state...
game.js:589 Rendering game state...
game.js:589 Rendering game state...
game.js:589 Rendering game state...
game.js:589 Rendering game state...
game.js:589 Rendering game state...
game.js:589 Rendering game state...
game.js:589 Rendering game state...
game.js:589 Rendering game state...
game.js:589 Rendering game state...
game.js:589 Rendering game state...
game.js:589 Rendering game state...
game.js:589 Rendering game state...
game.js:589 Rendering game state...
game.js:589 Rendering game state...
game.js:589 Rendering game state...
game.js:589 Rendering game state...
game.js:589 Rendering game state...
game.js:589 Rendering game state...
game.js:589 Rendering game state...
game.js:589 Rendering game state...
game.js:589 Rendering game state...
game.js:589 Rendering game state...
game.js:589 Rendering game state...
game.js:589 Rendering game state...
game.js:589 Rendering game state...
game.js:589 Rendering game state...
game.js:589 Rendering game state...
game.js:589 Rendering game state...
game.js:589 Rendering game state...
game.js:589 Rendering game state...
game.js:589 Rendering game state...
game.js:589 Rendering game state...
game.js:589 Rendering game state...
game.js:589 Rendering game state...
game.js:589 Rendering game state...
game.js:589 Rendering game state...
game.js:589 Rendering game state...
game.js:589 Rendering game state...
game.js:589 Rendering game state...
game.js:589 Rendering game state...
game.js:589 Rendering game state...
game.js:589 Rendering game state...
game.js:589 Rendering game state...
game.js:589 Rendering game state...
game.js:589 Rendering game state...
game.js:589 Rendering game state...
game.js:589 Rendering game state...
game.js:589 Rendering game state...
game.js:589 Rendering game state...
game.js:589 Rendering game state...
game.js:589 Rendering game state...
game.js:589 Rendering game state...
game.js:589 Rendering game state...
game.js:589 Rendering game state...
game.js:589 Rendering game state...
game.js:589 Rendering game state...
game.js:589 Rendering game state...
game.js:589 Rendering game state...
game.js:589 Rendering game state...
game.js:589 Rendering game state...
game.js:589 Rendering game state...
game.js:589 Rendering game state...
game.js:589 Rendering game state...
game.js:589 Rendering game state...
game.js:589 Rendering game state...
game.js:589 Rendering game state...
game.js:589 Rendering game state...
game.js:589 Rendering game state...
game.js:589 Rendering game state...
game.js:589 Rendering game state...
game.js:589 Rendering game state...
game.js:589 Rendering game state...
game.js:589 Rendering game state...
game.js:589 Rendering game state...
game.js:589 Rendering game state...
game.js:589 Rendering game state...
game.js:589 Rendering game state...
game.js:589 Rendering game state...
game.js:589 Rendering game state...
game.js:589 Rendering game state...
game.js:589 Rendering game state...
game.js:589 Rendering game state...
game.js:589 Rendering game state...
game.js:589 Rendering game state...
game.js:589 Rendering game state...
game.js:589 Rendering game state...
game.js:589 Rendering game state...
game.js:589 Rendering game state...
game.js:589 Rendering game state...
game.js:589 Rendering game state...
game.js:589 Rendering game state...
game.js:589 Rendering game state...
game.js:589 Rendering game state...
game.js:589 Rendering game state...
game.js:589 Rendering game state...
game.js:589 Rendering game state...
game.js:589 Rendering game state...
game.js:589 Rendering game state...
game.js:589 Rendering game state...
game.js:589 Rendering game state...
game.js:589 Rendering game state...
game.js:589 Rendering game state...
game.js:589 Rendering game state...
game.js:589 Rendering game state...
game.js:589 Rendering game state...
game.js:589 Rendering game state...
game.js:589 Rendering game state...
game.js:589 Rendering game state...
game.js:589 Rendering game state...
game.js:589 Rendering game state...
game.js:589 Rendering game state...
game.js:589 Rendering game state...
game.js:589 Rendering game state...
game.js:589 Rendering game state...
game.js:589 Rendering game state...
game.js:589 Rendering game state...
game.js:589 Rendering game state...
game.js:589 Rendering game state...
game.js:589 Rendering game state...
game.js:589 Rendering game state...
game.js:589 Rendering game state...
game.js:589 Rendering game state...
game.js:589 Rendering game state...
game.js:589 Rendering game state...
game.js:589 Rendering game state...
game.js:589 Rendering game state...
game.js:589 Rendering game state...
game.js:589 Rendering game state...
game.js:589 Rendering game state...
game.js:589 Rendering game state...
game.js:589 Rendering game state...
game.js:589 Rendering game state...
game.js:589 Rendering game state...
game.js:589 Rendering game state...
game.js:589 Rendering game state...
game.js:589 Rendering game state...
game.js:589 Rendering game state...
game.js:589 Rendering game state...
game.js:589 Rendering game state...
game.js:589 Rendering game state...
game.js:589 Rendering game state...
game.js:589 Rendering game state...
game.js:589 Rendering game state...
game.js:589 Rendering game state...
game.js:589 Rendering game state...
game.js:589 Rendering game state...
game.js:589 Rendering game state...
game.js:589 Rendering game state...
game.js:589 Rendering game state...
game.js:589 Rendering game state...
game.js:589 Rendering game state...
game.js:589 Rendering game state...
game.js:589 Rendering game state...
game.js:589 Rendering game state...
game.js:589 Rendering game state...
game.js:589 Rendering game state...
game.js:589 Rendering game state...
game.js:589 Rendering game state...
game.js:589 Rendering game state...
game.js:589 Rendering game state...
game.js:589 Rendering game state...
game.js:589 Rendering game state...
game.js:589 Rendering game state...
game.js:589 Rendering game state...
game.js:589 Rendering game state...
game.js:589 Rendering game state...
game.js:589 Rendering game state...
game.js:589 Rendering game state...
game.js:589 Rendering game state...
game.js:589 Rendering game state...
game.js:589 Rendering game state...
game.js:589 Rendering game state...
game.js:589 Rendering game state...
game.js:589 Rendering game state...
game.js:589 Rendering game state...
game.js:589 Rendering game state...
game.js:589 Rendering game state...
game.js:589 Rendering game state...
game.js:589 Rendering game state...
game.js:589 Rendering game state...
game.js:589 Rendering game state...
game.js:589 Rendering game state...
game.js:589 Rendering game state...
game.js:589 Rendering game state...
game.js:589 Rendering game state...
game.js:589 Rendering game state...
game.js:589 Rendering game state...
game.js:589 Rendering game state...
game.js:589 Rendering game state...
game.js:589 Rendering game state...
game.js:589 Rendering game state...
game.js:589 Rendering game state...
game.js:589 Rendering game state...
game.js:589 Rendering game state...
game.js:589 Rendering game state...
game.js:589 Rendering game state...
game.js:589 Rendering game state...
game.js:589 Rendering game state...
game.js:589 Rendering game state...
game.js:589 Rendering game state...
game.js:589 Rendering game state...
game.js:589 Rendering game state...
game.js:589 Rendering game state...
game.js:589 Rendering game state...
game.js:589 Rendering game state...
game.js:589 Rendering game state...
game.js:589 Rendering game state...
game.js:589 Rendering game state...
game.js:589 Rendering game state...
game.js:589 Rendering game state...
game.js:589 Rendering game state...
game.js:589 Rendering game state...
game.js:589 Rendering game state...
game.js:589 Rendering game state...
game.js:589 Rendering game state...
game.js:589 Rendering game state...
game.js:589 Rendering game state...
game.js:589 Rendering game state...
game.js:589 Rendering game state...
game.js:589 Rendering game state...
game.js:589 Rendering game state...
game.js:589 Rendering game state...
game.js:589 Rendering game state...
game.js:589 Rendering game state...
game.js:589 Rendering game state...
game.js:589 Rendering game state...
game.js:589 Rendering game state...
game.js:589 Rendering game state...
game.js:589 Rendering game state...
game.js:589 Rendering game state...
game.js:589 Rendering game state...
game.js:589 Rendering game state...
game.js:589 Rendering game state...
game.js:589 Rendering game state...
game.js:589 Rendering game state...
game.js:589 Rendering game state...
game.js:589 Rendering game state...
game.js:589 Rendering game state...
game.js:589 Rendering game state...
game.js:589 Rendering game state...
game.js:589 Rendering game state...
game.js:589 Rendering game state...
game.js:589 Rendering game state...
game.js:589 Rendering game state...
game.js:589 Rendering game state...
game.js:589 Rendering game state...
game.js:589 Rendering game state...
game.js:589 Rendering game state...
game.js:589 Rendering game state...
game.js:589 Rendering game state...
game.js:589 Rendering game state...
game.js:589 Rendering game state...
game.js:589 Rendering game state...
game.js:589 Rendering game state...
game.js:589 Rendering game state...
game.js:589 Rendering game state...
game.js:589 Rendering game state...
game.js:589 Rendering game state...
game.js:589 Rendering game state...
game.js:589 Rendering game state...
game.js:589 Rendering game state...
game.js:589 Rendering game state...
game.js:589 Rendering game state...
game.js:589 Rendering game state...
game.js:589 Rendering game state...
game.js:589 Rendering game state...
game.js:589 Rendering game state...
game.js:589 Rendering game state...
game.js:589 Rendering game state...
game.js:589 Rendering game state...
game.js:589 Rendering game state...
game.js:589 Rendering game state...
game.js:589 Rendering game state...
game.js:589 Rendering game state...
game.js:589 Rendering game state...
game.js:589 Rendering game state...
game.js:589 Rendering game state...
game.js:589 Rendering game state...
game.js:589 Rendering game state...
game.js:589 Rendering game state...
game.js:589 Rendering game state...
game.js:589 Rendering game state...
game.js:589 Rendering game state...
game.js:589 Rendering game state...
game.js:589 Rendering game state...
game.js:589 Rendering game state...
game.js:589 Rendering game state...
game.js:589 Rendering game state...
game.js:589 Rendering game state...
game.js:589 Rendering game state...
game.js:589 Rendering game state...
game.js:589 Rendering game state...
game.js:589 Rendering game state...
game.js:589 Rendering game state...
game.js:589 Rendering game state...
game.js:589 Rendering game state...
172.31.141.12/:1 Uncaught (in promise) Error: A listener indicated an asynchronous response by returning true, but the message channel closed before a response was received
game.js:589 Rendering game state...
game.js:589 Rendering game state...
game.js:589 Rendering game state...
game.js:589 Rendering game state...
game.js:589 Rendering game state...
game.js:589 Rendering game state...
game.js:589 Rendering game state...
game.js:589 Rendering game state...
game.js:589 Rendering game state...
game.js:589 Rendering game state...
game.js:589 Rendering game state...
game.js:589 Rendering game state...
game.js:589 Rendering game state...
game.js:589 Rendering game state...
game.js:589 Rendering game state...
game.js:589 Rendering game state...
game.js:589 Rendering game state...
game.js:589 Rendering game state...
game.js:589 Rendering game state...
game.js:589 Rendering game state...
game.js:589 Rendering game state...
game.js:589 Rendering game state...
game.js:589 Rendering game state...
game.js:589 Rendering game state...
game.js:589 Rendering game state...
game.js:589 Rendering game state...
game.js:589 Rendering game state...
game.js:589 Rendering game state...
game.js:589 Rendering game state...
game.js:589 Rendering game state...
game.js:589 Rendering game state...
game.js:589 Rendering game state...
game.js:589 Rendering game state...
game.js:589 Rendering game state...
game.js:589 Rendering game state...
game.js:589 Rendering game state...
game.js:589 Rendering game state...
game.js:589 Rendering game state...
game.js:589 Rendering game state...
game.js:589 Rendering game state...
game.js:589 Rendering game state...
game.js:589 Rendering game state...
game.js:589 Rendering game state...
game.js:589 Rendering game state...
game.js:589 Rendering game state...
game.js:589 Rendering game state...
game.js:589 Rendering game state...
game.js:589 Rendering game state...
game.js:589 Rendering game state...
game.js:589 Rendering game state...
game.js:589 Rendering game state...
game.js:589 Rendering game state...
game.js:589 Rendering game state...
game.js:589 Rendering game state...
game.js:589 Rendering game state...
game.js:589 Rendering game state...
game.js:589 Rendering game state...
game.js:589 Rendering game state...
game.js:589 Rendering game state...
game.js:589 Rendering game state...
game.js:589 Rendering game state...
game.js:589 Rendering game state...
game.js:589 Rendering game state...
game.js:589 Rendering game state...
game.js:589 Rendering game state...
game.js:589 Rendering game state...
game.js:589 Rendering game state...
game.js:589 Rendering game state...
game.js:589 Rendering game state...
game.js:589 Rendering game state...
game.js:589 Rendering game state...
game.js:589 Rendering game state...
game.js:589 Rendering game state...
game.js:589 Rendering game state...
game.js:589 Rendering game state...
game.js:589 Rendering game state...
game.js:589 Rendering game state...
game.js:589 Rendering game state...
game.js:589 Rendering game state...
game.js:589 Rendering game state...
game.js:589 Rendering game state...
game.js:589 Rendering game state...
game.js:589 Rendering game state...
game.js:589 Rendering game state...
game.js:589 Rendering game state...
game.js:589 Rendering game state...
game.js:589 Rendering game state...
game.js:589 Rendering game state...
game.js:589 Rendering game state...
game.js:589 Rendering game state...
game.js:589 Rendering game state...
game.js:589 Rendering game state...
game.js:589 Rendering game state...
game.js:589 Rendering game state...
game.js:589 Rendering game state...
game.js:589 Rendering game state...
game.js:589 Rendering game state...
game.js:589 Rendering game state...
game.js:589 Rendering game state...
game.js:589 Rendering game state...
game.js:589 Rendering game state...
game.js:589 Rendering game state...
game.js:589 Rendering game state...
game.js:589 Rendering game state...
game.js:589 Rendering game state...
game.js:589 Rendering game state...
game.js:589 Rendering game state...
game.js:589 Rendering game state...
game.js:589 Rendering game state...
game.js:589 Rendering game state...
game.js:589 Rendering game state...
game.js:589 Rendering game state...
game.js:589 Rendering game state...
game.js:589 Rendering game state...
game.js:589 Rendering game state...
game.js:589 Rendering game state...
game.js:589 Rendering game state...
game.js:589 Rendering game state...
game.js:589 Rendering game state...
game.js:589 Rendering game state...
game.js:589 Rendering game state...
game.js:589 Rendering game state...
game.js:589 Rendering game state...
game.js:589 Rendering game state...
game.js:589 Rendering game state...
game.js:589 Rendering game state...
game.js:589 Rendering game state...
game.js:589 Rendering game state...
game.js:589 Rendering game state...
game.js:589 Rendering game state...
game.js:589 Rendering game state...
game.js:589 Rendering game state...
game.js:589 Rendering game state...
game.js:589 Rendering game state...
game.js:589 Rendering game state...
game.js:589 Rendering game state...
game.js:589 Rendering game state...
game.js:589 Rendering game state...
game.js:589 Rendering game state...
game.js:589 Rendering game state...
game.js:589 Rendering game state...
game.js:589 Rendering game state...
game.js:589 Rendering game state...
game.js:589 Rendering game state...
game.js:589 Rendering game state...
game.js:589 Rendering game state...
game.js:589 Rendering game state...
game.js:589 Rendering game state...
game.js:589 Rendering game state...
game.js:589 Rendering game state...
game.js:589 Rendering game state...
game.js:589 Rendering game state...
game.js:589 Rendering game state...
game.js:589 Rendering game state...
game.js:589 Rendering game state...
game.js:589 Rendering game state...
game.js:589 Rendering game state...
game.js:589 Rendering game state...
game.js:589 Rendering game state...
game.js:589 Rendering game state...
game.js:589 Rendering game state...
game.js:589 Rendering game state...
game.js:589 Rendering game state...
game.js:589 Rendering game state...
game.js:589 Rendering game state...
game.js:589 Rendering game state...
game.js:589 Rendering game state...
game.js:589 Rendering game state...
game.js:589 Rendering game state...
game.js:589 Rendering game state...
game.js:589 Rendering game state...
game.js:589 Rendering game state...
game.js:589 Rendering game state...
game.js:589 Rendering game state...
game.js:589 Rendering game state...
game.js:589 Rendering game state...
game.js:589 Rendering game state...
game.js:589 Rendering game state...
game.js:589 Rendering game state...
game.js:589 Rendering game state...
game.js:589 Rendering game state...
game.js:589 Rendering game state...
game.js:589 Rendering game state...
game.js:589 Rendering game state...
game.js:589 Rendering game state...
game.js:589 Rendering game state...
game.js:589 Rendering game state...
game.js:589 Rendering game state...
game.js:589 Rendering game state...
game.js:589 Rendering game state...
game.js:589 Rendering game state...
game.js:589 Rendering game state...
game.js:589 Rendering game state...
game.js:589 Rendering game state...
game.js:589 Rendering game state...
game.js:589 Rendering game state...
game.js:589 Rendering game state...
game.js:589 Rendering game state...
game.js:589 Rendering game state...
game.js:589 Rendering game state...
game.js:589 Rendering game state...
game.js:589 Rendering game state...
game.js:589 Rendering game state...
game.js:589 Rendering game state...
game.js:589 Rendering game state...
game.js:589 Rendering game state...
game.js:589 Rendering game state...
game.js:589 Rendering game state...
game.js:589 Rendering game state...
game.js:589 Rendering game state...
game.js:589 Rendering game state...
game.js:589 Rendering game state...
game.js:589 Rendering game state...
game.js:589 Rendering game state...
game.js:589 Rendering game state...
game.js:589 Rendering game state...
game.js:589 Rendering game state...
game.js:589 Rendering game state...
game.js:589 Rendering game state...
game.js:589 Rendering game state...
game.js:589 Rendering game state...
game.js:589 Rendering game state...
game.js:589 Rendering game state...
game.js:589 Rendering game state...
game.js:589 Rendering game state...
game.js:589 Rendering game state...
game.js:589 Rendering game state...
game.js:589 Rendering game state...
game.js:589 Rendering game state...
game.js:589 Rendering game state...
game.js:589 Rendering game state...
game.js:589 Rendering game state...
game.js:589 Rendering game state...
game.js:589 Rendering game state...
game.js:589 Rendering game state...
game.js:589 Rendering game state...
game.js:589 Rendering game state...
game.js:589 Rendering game state...
game.js:589 Rendering game state...
game.js:589 Rendering game state...
game.js:589 Rendering game state...
game.js:589 Rendering game state...
game.js:589 Rendering game state...
game.js:589 Rendering game state...
game.js:589 Rendering game state...
game.js:589 Rendering game state...
game.js:589 Rendering game state...
game.js:589 Rendering game state...
game.js:589 Rendering game state...
game.js:589 Rendering game state...
game.js:589 Rendering game state...
game.js:589 Rendering game state...
game.js:589 Rendering game state...
game.js:589 Rendering game state...
game.js:589 Rendering game state...
game.js:589 Rendering game state...
game.js:589 Rendering game state...
game.js:589 Rendering game state...
game.js:589 Rendering game state...
game.js:589 Rendering game state...
game.js:589 Rendering game state...
game.js:589 Rendering game state...
game.js:589 Rendering game state...
game.js:589 Rendering game state...
game.js:589 Rendering game state...
game.js:589 Rendering game state...
game.js:589 Rendering game state...
game.js:589 Rendering game state...
game.js:589 Rendering game state...
game.js:589 Rendering game state...
game.js:589 Rendering game state...
game.js:589 Rendering game state...
game.js:589 Rendering game state...
game.js:589 Rendering game state...
game.js:589 Rendering game state...
game.js:589 Rendering game state...
game.js:589 Rendering game state...
game.js:589 Rendering game state...
game.js:589 Rendering game state...
game.js:589 Rendering game state...
game.js:589 Rendering game state...
game.js:514 Game ended: 3
game.js:536 Tournament ended, the winner is: hhh
game.js:817 Message received from server in room tournament: {type: 'chat_message', username: 'v', message: 'fefe', room: 'tournament'}
game.js:842 Message displayed in chat log for room: tournament
game.js:566 Key pressed: Shift
game.js:566 Key pressed: /
game.js:566 Key pressed: s
game.js:573 Sending key press: s
game.js:566 Key pressed:  
game.js:566 Key pressed: h
game.js:566 Key pressed: h
game.js:566 Key pressed: h
game.js:566 Key pressed: Enter
game.js:1077 Enter key pressed, attempting to send message...
game.js:1090 Attempting to send message: /s hhh
game.js:1103 Detected stats command for user: hhh
game.js:660 Detected stats command for user: hhh
burger.js:79 Fetching players...
game.js:1115 Message input cleared.
burger.js:149 Displaying players:
game.js:669 Players received in sendStatsCommand: (4) [{…}, {…}, {…}, {…}]
game.js:716 Displaying player stats: {username: 'hhh', total_matches: '2', total_wins: '2', win_percentage: '100.00', best_score: '3.00'}
game.js:722 Creating stats popup element
