:8080/:1 The Cross-Origin-Opener-Policy header has been ignored, because the URL's origin was untrustworthy. It was defined either in the final response or a redirect. Please deliver the response using the HTTPS protocol. You can also use the 'localhost' origin instead. See https://www.w3.org/TR/powerful-features/#potentially-trustworthy-origin and https://html.spec.whatwg.org/#the-cross-origin-opener-policy-header.
game.js:2 DOM fully loaded and parsed
game.js:49 DOM elements initialized
game.js:72 Event listeners added
game.js:127 checkUserExists called with username: jiji
game.js:144 User existence check response: {exists: false}
game.js:153 handleRegister called
game.js:166 Attempting to register user: jiji
game.js:192 registerUser called with username: jiji
game.js:215 Registration response data: {registered: true, token: '2f45ca37-91b3-4b45-b6fb-00cb5db87999'}
game.js:217 User registered successfully: {registered: true, token: '2f45ca37-91b3-4b45-b6fb-00cb5db87999'}
game.js:170 Token stored: 2f45ca37-91b3-4b45-b6fb-00cb5db87999
game.js:171 User registered successfully
game.js:676 ChatManager initialized for user: jiji
game.js:921 Joining room: main_room with username: jiji and token: 2f45ca37-91b3-4b45-b6fb-00cb5db87999
game.js:929 Joining new room: main_room
game.js:848 createRoomTab: main_room with username: jiji and token: 2f45ca37-91b3-4b45-b6fb-00cb5db87999
game.js:858 Tab for room main_room already exists.
game.js:871 Showing tab for room: main_room
game.js:691 Initializing chat WebSocket...
game.js:692 Initializing chat WebSocket for room: main_room with username: jiji
game.js:697 startChatWebSocket: main_room with username: jiji and token: 2f45ca37-91b3-4b45-b6fb-00cb5db87999
game.js:948 ChatInput initialized for room: main_room, username: jiji
game.js:883 Attempting to switch to room: main_room
game.js:889 Switching from room null to room main_room
game.js:703 WebSocket ouvert pour l'utilisateur jiji dans la room main_room
game.js:711 Authentication message sent for room: main_room with username: jiji
game.js:717 Message received from server in room main_room: {type: 'chat_message', username: 'jiji', message: 'Authentication successful', room: 'main_room'}
game.js:742 Message displayed in chat log for room: main_room
game.js:717 Message received from server in room main_room: {type: 'invite', inviter: 'juju', message: 'juju vous a invité à rejoindre la room main_room.', room: 'main_room'}inviter: "juju"message: "juju vous a invité à rejoindre la room main_room."room: "main_room"type: "invite"[[Prototype]]: Object
