:8080/:1 The Cross-Origin-Opener-Policy header has been ignored, because the URL's origin was untrustworthy. It was defined either in the final response or a redirect. Please deliver the response using the HTTPS protocol. You can also use the 'localhost' origin instead. See https://www.w3.org/TR/powerful-features/#potentially-trustworthy-origin and https://html.spec.whatwg.org/#the-cross-origin-opener-policy-header.
game.js:2 DOM fully loaded and parsed
game.js:48 DOM elements initialized
game.js:71 Event listeners added
game.js:186 checkUserExists called with username: rere
game.js:203 User existence check response: {exists: false}
game.js:212 handleRegister called
game.js:225 Attempting to register user: rere
game.js:250 registerUser called with username: rere
game.js:273 Registration response data: {registered: true, token: 'e07d4752-1960-43d2-a971-4cb24ae2486f'}
game.js:275 User registered successfully: {registered: true, token: 'e07d4752-1960-43d2-a971-4cb24ae2486f'}
game.js:229 Token stored: e07d4752-1960-43d2-a971-4cb24ae2486f
game.js:230 User registered successfully
game.js:978 Joining room: main_room with username: rere and token: e07d4752-1960-43d2-a971-4cb24ae2486f
game.js:985 Joining new room: main_room
game.js:902 createRoomTab: main_room with username: rere and token: e07d4752-1960-43d2-a971-4cb24ae2486f
game.js:912 Tab for room main_room already exists.
game.js:926 Showing tab for room: main_room
game.js:818 Initializing chat WebSocket...
game.js:819 Initializing chat WebSocket for room: main_room with username: rere
game.js:822 startChatWebSocket: main_room with username: rere and token: e07d4752-1960-43d2-a971-4cb24ae2486f
game.js:891 WebSocket connection stored for room: main_room
game.js:734 ChatInput initialized for room: main_room, username: rere
game.js:933 switchRoom: main_room with username: rere and token: e07d4752-1960-43d2-a971-4cb24ae2486f
game.js:939 Attempting to switch to room: main_room
game.js:945 Switching from room null to room main_room
game.js:827 Chat WebSocket connection established in room: main_room
game.js:836 Authentication message sent for room: main_room with username: rere
game.js:842 Message received from server in room main_room: {type: 'authenticated', username: 'rere'}
game.js:846 User authenticated successfully in room: main_room
game.js:842 Message received from server in room main_room: {type: 'chat_message', message: 'rere:  a rejoint le chat main_room', room: 'main_room'}
game.js:857 Message displayed in chat log for room: main_room
game.js:742 Enter key pressed, attempting to send message...
game.js:756 Attempting to send message: cdcdc
game.js:768 Sending chat message to WebSocket...
game.js:777 Message input cleared.
game.js:842 Message received from server in room main_room: {type: 'chat_message', message: 'rere: cdcdc', room: 'main_room'}
game.js:857 Message displayed in chat log for room: main_room
game.js:742 Enter key pressed, attempting to send message...
game.js:756 Attempting to send message: cdcd
game.js:768 Sending chat message to WebSocket...
game.js:777 Message input cleared.
game.js:842 Message received from server in room main_room: {type: 'chat_message', message: 'rere: cdcd', room: 'main_room'}
game.js:857 Message displayed in chat log for room: main_room
game.js:742 Enter key pressed, attempting to send message...
game.js:756 Attempting to send message: cdcdcdcd
game.js:768 Sending chat message to WebSocket...
game.js:777 Message input cleared.
game.js:842 Message received from server in room main_room: {type: 'chat_message', message: 'rere: cdcdcdcd', room: 'main_room'}
game.js:857 Message displayed in chat log for room: main_room
game.js:742 Enter key pressed, attempting to send message...
game.js:756 Attempting to send message: cdcdcdc
game.js:768 Sending chat message to WebSocket...
game.js:777 Message input cleared.
game.js:842 Message received from server in room main_room: {type: 'chat_message', message: 'rere: cdcdcdc', room: 'main_room'}
game.js:857 Message displayed in chat log for room: main_room
game.js:742 Enter key pressed, attempting to send message...
game.js:756 Attempting to send message: cdcdcd
game.js:768 Sending chat message to WebSocket...
game.js:777 Message input cleared.
game.js:842 Message received from server in room main_room: {type: 'chat_message', message: 'rere: cdcdcd', room: 'main_room'}
game.js:857 Message displayed in chat log for room: main_room
game.js:742 Enter key pressed, attempting to send message...
game.js:756 Attempting to send message: ccccc
game.js:768 Sending chat message to WebSocket...
game.js:777 Message input cleared.
game.js:842 Message received from server in room main_room: {type: 'chat_message', message: 'rere: ccccc', room: 'main_room'}
game.js:857 Message displayed in chat log for room: main_room
game.js:742 Enter key pressed, attempting to send message...
game.js:756 Attempting to send message: cdcdcdcd
game.js:768 Sending chat message to WebSocket...
game.js:777 Message input cleared.
game.js:842 Message received from server in room main_room: {type: 'chat_message', message: 'rere: cdcdcdcd', room: 'main_room'}
game.js:857 Message displayed in chat log for room: main_room
game.js:742 Enter key pressed, attempting to send message...
game.js:756 Attempting to send message: cdcdcdc
game.js:768 Sending chat message to WebSocket...
game.js:777 Message input cleared.
game.js:842 Message received from server in room main_room: {type: 'chat_message', message: 'rere: cdcdcdc', room: 'main_room'}
game.js:857 Message displayed in chat log for room: main_room
game.js:742 Enter key pressed, attempting to send message...
game.js:756 Attempting to send message: cdcdcdc
game.js:768 Sending chat message to WebSocket...
game.js:777 Message input cleared.
game.js:842 Message received from server in room main_room: {type: 'chat_message', message: 'rere: cdcdcdc', room: 'main_room'}
game.js:857 Message displayed in chat log for room: main_room
game.js:742 Enter key pressed, attempting to send message...
game.js:756 Attempting to send message: cdcdcdcdcd
game.js:768 Sending chat message to WebSocket...
game.js:777 Message input cleared.
game.js:842 Message received from server in room main_room: {type: 'chat_message', message: 'rere: cdcdcdcdcd', room: 'main_room'}
game.js:857 Message displayed in chat log for room: main_room
game.js:742 Enter key pressed, attempting to send message...
game.js:756 Attempting to send message: cdcdcdc
game.js:768 Sending chat message to WebSocket...
game.js:777 Message input cleared.
game.js:842 Message received from server in room main_room: {type: 'chat_message', message: 'rere: cdcdcdc', room: 'main_room'}
game.js:857 Message displayed in chat log for room: main_room
game.js:842 Message received from server in room main_room: {type: 'chat_message', message: 'aaaa:  a rejoint le chat main_room', room: 'main_room'}
game.js:857 Message displayed in chat log for room: main_room
game.js:842 Message received from server in room main_room: {type: 'chat_message', message: 'aaaa: cdcdcdcdc', room: 'main_room'}
game.js:857 Message displayed in chat log for room: main_room
game.js:842 Message received from server in room main_room: {type: 'chat_message', message: 'aaaa: ccddcdcd', room: 'main_room'}
game.js:857 Message displayed in chat log for room: main_room
game.js:742 Enter key pressed, attempting to send message...
game.js:756 Attempting to send message: cdcdcdc
game.js:768 Sending chat message to WebSocket...
game.js:777 Message input cleared.
game.js:842 Message received from server in room main_room: {type: 'chat_message', message: 'rere: cdcdcdc', room: 'main_room'}
game.js:857 Message displayed in chat log for room: main_room
game.js:742 Enter key pressed, attempting to send message...
game.js:756 Attempting to send message: /b aaaa
game.js:761 Detected block command for user: aaaa
game.js:784 Sending block command to WebSocket for user: aaaa
game.js:777 Message input cleared.
game.js:842 Message received from server in room main_room: {type: 'error', message: 'Target user aaaa not found in room'}
game.js:867 Error message received: Target user aaaa not found in room
chatSocket.onmessage @ game.js:867
game.js:742 Enter key pressed, attempting to send message...
game.js:756 Attempting to send message: /i aaaa
game.js:765 Detected invite command for user: aaaa
game.js:794 Sending invite command to WebSocket for user: aaaa
game.js:777 Message input cleared.
game.js:842 Message received from server in room main_room: {type: 'error', message: 'Erreur interne du serveur'}
game.js:867 Error message received: Erreur interne du serveur
chatSocket.onmessage @ game.js:867
