:8080/:1 The Cross-Origin-Opener-Policy header has been ignored, because the URL's origin was untrustworthy. It was defined either in the final response or a redirect. Please deliver the response using the HTTPS protocol. You can also use the 'localhost' origin instead. See https://www.w3.org/TR/powerful-features/#potentially-trustworthy-origin and https://html.spec.whatwg.org/#the-cross-origin-opener-policy-header.
game.js:3 DOM fully loaded and parsed
game.js:43 DOM elements initialized
game.js:118 checkUserExists called with username: grr
game.js:134 User existence check response: {exists: false}
game.js:143 handleRegister called
game.js:148 Nickname: grr
game.js:149 Password: r
game.js:150 Confirm Password: r
game.js:154 Attempting to register user: grr
game.js:156 Register result: {registered: true, token: '0af44cfc-aac4-4f7f-9b32-58faab257691'}
game.js:160 Token stored: 0af44cfc-aac4-4f7f-9b32-58faab257691
game.js:161 User registered successfully
game.js:166 ChatManager initialized: null
game.js:168 Initializing ChatManager with username: grr and token: 0af44cfc-aac4-4f7f-9b32-58faab257691
game.js:668 ChatManager initialized for user: grr
game.js:170 ChatManager initialized: ChatManager {username: 'grr', token: '0af44cfc-aac4-4f7f-9b32-58faab257691', roomSockets: {…}, blockedUsers: Array(0), activeRoom: null}
game.js:173 chatManager is defined: ChatManager {username: 'grr', token: '0af44cfc-aac4-4f7f-9b32-58faab257691', roomSockets: {…}, blockedUsers: Array(0), activeRoom: null}
game.js:178 Joining room: main_room
game.js:926 Joining room: main_room with username: grr and token: 0af44cfc-aac4-4f7f-9b32-58faab257691
game.js:934 Joining new room: main_room
game.js:853 createRoomTab: main_room with username: grr and token: 0af44cfc-aac4-4f7f-9b32-58faab257691
game.js:863 Tab for room main_room already exists.
game.js:876 Showing tab for room: main_room
game.js:683 Initializing chat WebSocket...
game.js:684 Initializing chat WebSocket for room: main_room with username: grr
game.js:689 startChatWebSocket: main_room with username: grr and token: 0af44cfc-aac4-4f7f-9b32-58faab257691
game.js:955 ChatInput initialized for room: main_room, username: grr
game.js:843 Error initializing chat WebSocket for room main_room: TypeError: Cannot set properties of null (setting 'onopen')
    at ChatManager.startChatWebSocket (game.js:694:23)
    at ChatManager.joinRoom (game.js:937:10)
    at HTMLButtonElement.handleRegister (game.js:179:18)
startChatWebSocket @ game.js:843
joinRoom @ game.js:937
handleRegister @ game.js:179
game.js:888 Attempting to switch to room: main_room
game.js:894 Switching from room null to room main_room
