{"asctime": "2024-09-16 09:22:47,187", "levelname": "INFO", "name": "pong.game.routing", "module": "routing", "process": 18, "thread": 140412592302976, "message": "WebSocket routing patterns configured successfully", "taskName": null}
{"asctime": "2024-09-16 09:22:47,191", "levelname": "INFO", "name": "pong.asgi", "module": "asgi", "process": 18, "thread": 140412592302976, "message": "ASGI application configur\u00e9e et pr\u00eate \u00e0 accepter les connexions", "taskName": null}
{"asctime": "2024-09-16 09:22:47,191", "levelname": "INFO", "name": "daphne.cli", "module": "cli", "process": 18, "thread": 140412592302976, "message": "Starting server at tcp:port=8080:interface=0.0.0.0", "taskName": null}
{"asctime": "2024-09-16 09:22:47,191", "levelname": "INFO", "name": "daphne.server", "module": "server", "process": 18, "thread": 140412592302976, "message": "HTTP/2 support not enabled (install the http2 and tls Twisted extras)", "taskName": null}
{"asctime": "2024-09-16 09:22:47,192", "levelname": "INFO", "name": "daphne.server", "module": "server", "process": 18, "thread": 140412592302976, "message": "Configuring endpoint tcp:port=8080:interface=0.0.0.0", "taskName": null}
{"asctime": "2024-09-16 09:22:47,192", "levelname": "INFO", "name": "daphne.server", "module": "server", "process": 18, "thread": 140412592302976, "message": "Listening on TCP address 0.0.0.0:8080", "taskName": null}
{"asctime": "2024-09-16 09:22:59,069", "levelname": "INFO", "name": "pong.game.views", "module": "views", "process": 18, "thread": 140412528854720, "message": "Accessing index view", "taskName": null}
{"asctime": "2024-09-16 09:23:12,241", "levelname": "INFO", "name": "pong.game.views", "module": "views", "process": 18, "thread": 140412396230336, "message": "POST request received for checking user existence", "taskName": null}
{"asctime": "2024-09-16 09:23:12,251", "levelname": "INFO", "name": "pong.game.views", "module": "views", "process": 18, "thread": 140412396230336, "message": "User fernando does not exist", "taskName": null}
{"asctime": "2024-09-16 09:23:14,508", "levelname": "INFO", "name": "pong.game.views", "module": "views", "process": 18, "thread": 140412396230336, "message": "Received POST request for user registration", "taskName": null}
{"asctime": "2024-09-16 09:23:14,508", "levelname": "INFO", "name": "pong.game.views", "module": "views", "process": 18, "thread": 140412396230336, "message": "Attempting to register user: fernando", "taskName": null}
{"asctime": "2024-09-16 09:23:14,689", "levelname": "INFO", "name": "pong.game.views", "module": "views", "process": 18, "thread": 140412396230336, "message": "Generating or retrieving token for user: fernando", "taskName": null}
{"asctime": "2024-09-16 09:23:14,691", "levelname": "INFO", "name": "pong.game.views", "module": "views", "process": 18, "thread": 140412396230336, "message": "Token generated for user fernando: 4bb6c45f-e591-4d62-90e8-9e671db38606", "taskName": null}
{"asctime": "2024-09-16 09:23:14,691", "levelname": "INFO", "name": "pong.game.views", "module": "views", "process": 18, "thread": 140412396230336, "message": "User fernando registered successfully", "taskName": null}
{"asctime": "2024-09-16 09:23:14,705", "levelname": "INFO", "name": "pong.game.consumers", "module": "consumers", "process": 18, "thread": 140412592302976, "message": "Connexion au WebSocket de chat dans la room main_room", "taskName": "Task-57"}
{"asctime": "2024-09-16 09:23:14,708", "levelname": "INFO", "name": "pong.game.consumers", "module": "consumers", "process": 18, "thread": 140412592302976, "message": "Message re\u00e7u: {'type': 'authenticate', 'username': 'fernando', 'token': '4bb6c45f-e591-4d62-90e8-9e671db38606', 'room': 'main_room'}", "taskName": "Task-57"}
{"asctime": "2024-09-16 09:23:14,708", "levelname": "INFO", "name": "pong.game.consumers", "module": "consumers", "process": 18, "thread": 140412592302976, "message": "Message re\u00e7u avec username: fernando", "taskName": "Task-57"}
{"asctime": "2024-09-16 09:23:14,708", "levelname": "INFO", "name": "pong.game.consumers", "module": "consumers", "process": 18, "thread": 140412592302976, "message": "Authentification demand\u00e9e pour fernando", "taskName": "Task-57"}
{"asctime": "2024-09-16 09:23:14,708", "levelname": "INFO", "name": "pong.game.consumers", "module": "consumers", "process": 18, "thread": 140412592302976, "message": "Authentication attempt with token: 4bb6c45f-e591-4d62-90e8-9e671db38606 and username: fernando", "taskName": "Task-57"}
{"asctime": "2024-09-16 09:23:14,718", "levelname": "INFO", "name": "pong.game.consumers", "module": "consumers", "process": 18, "thread": 140412592302976, "message": "User fernando authenticated successfully", "taskName": "Task-57"}
{"asctime": "2024-09-16 09:23:14,718", "levelname": "INFO", "name": "pong.game.consumers", "module": "consumers", "process": 18, "thread": 140412592302976, "message": "Message envoy\u00e9 avec username: fernando -  a rejoint le chat main_room", "taskName": "Task-57"}
{"asctime": "2024-09-16 09:23:14,718", "levelname": "INFO", "name": "pong.game.consumers", "module": "consumers", "process": 18, "thread": 140412592302976, "message": "Sending chat message from username: fernando in room: main_room", "taskName": "Task-57"}
{"asctime": "2024-09-16 09:23:18,810", "levelname": "INFO", "name": "pong.game.consumers", "module": "consumers", "process": 18, "thread": 140412592302976, "message": "Message re\u00e7u: {'type': 'chat_message', 'username': 'fernando', 'message': 'dzdzdz', 'room': 'main_room'}", "taskName": "Task-57"}
{"asctime": "2024-09-16 09:23:18,810", "levelname": "INFO", "name": "pong.game.consumers", "module": "consumers", "process": 18, "thread": 140412592302976, "message": "Message re\u00e7u avec username: fernando", "taskName": "Task-57"}
{"asctime": "2024-09-16 09:23:18,810", "levelname": "INFO", "name": "pong.game.consumers", "module": "consumers", "process": 18, "thread": 140412592302976, "message": "Message envoy\u00e9 par fernando: dzdzdz", "taskName": "Task-57"}
{"asctime": "2024-09-16 09:23:18,810", "levelname": "INFO", "name": "pong.game.consumers", "module": "consumers", "process": 18, "thread": 140412592302976, "message": "Message envoy\u00e9 avec username: fernando - dzdzdz", "taskName": "Task-57"}
{"asctime": "2024-09-16 09:23:18,810", "levelname": "INFO", "name": "pong.game.consumers", "module": "consumers", "process": 18, "thread": 140412592302976, "message": "Sending chat message from username: fernando in room: main_room", "taskName": "Task-57"}
{"asctime": "2024-09-16 09:23:26,117", "levelname": "INFO", "name": "pong.game.consumers", "module": "consumers", "process": 18, "thread": 140412592302976, "message": "Message re\u00e7u: {'type': 'chat_message', 'username': 'fernando', 'message': 'dzdzd', 'room': 'main_room'}", "taskName": "Task-57"}
{"asctime": "2024-09-16 09:23:26,117", "levelname": "INFO", "name": "pong.game.consumers", "module": "consumers", "process": 18, "thread": 140412592302976, "message": "Message re\u00e7u avec username: fernando", "taskName": "Task-57"}
{"asctime": "2024-09-16 09:23:26,118", "levelname": "INFO", "name": "pong.game.consumers", "module": "consumers", "process": 18, "thread": 140412592302976, "message": "Message envoy\u00e9 par fernando: dzdzd", "taskName": "Task-57"}
{"asctime": "2024-09-16 09:23:26,118", "levelname": "INFO", "name": "pong.game.consumers", "module": "consumers", "process": 18, "thread": 140412592302976, "message": "Message envoy\u00e9 avec username: fernando - dzdzd", "taskName": "Task-57"}
{"asctime": "2024-09-16 09:23:26,118", "levelname": "INFO", "name": "pong.game.consumers", "module": "consumers", "process": 18, "thread": 140412592302976, "message": "Sending chat message from username: fernando in room: main_room", "taskName": "Task-57"}
{"asctime": "2024-09-16 09:23:32,558", "levelname": "INFO", "name": "pong.game.consumers", "module": "consumers", "process": 18, "thread": 140412592302976, "message": "Message envoy\u00e9 avec username: fernando - fernando a quitt\u00e9 le chat", "taskName": "Task-57"}
{"asctime": "2024-09-16 09:23:32,558", "levelname": "INFO", "name": "pong.game.consumers", "module": "consumers", "process": 18, "thread": 140412592302976, "message": "fernando d\u00e9connect\u00e9 du WebSocket de chat dans la room main_room", "taskName": "Task-57"}
{"asctime": "2024-09-16 09:30:42,527", "levelname": "INFO", "name": "pong.game.routing", "module": "routing", "process": 18, "thread": 139626199112576, "message": "WebSocket routing patterns configured successfully", "taskName": null}
{"asctime": "2024-09-16 09:30:42,531", "levelname": "INFO", "name": "pong.asgi", "module": "asgi", "process": 18, "thread": 139626199112576, "message": "ASGI application configur\u00e9e et pr\u00eate \u00e0 accepter les connexions", "taskName": null}
{"asctime": "2024-09-16 09:30:42,532", "levelname": "INFO", "name": "daphne.cli", "module": "cli", "process": 18, "thread": 139626199112576, "message": "Starting server at tcp:port=8080:interface=0.0.0.0", "taskName": null}
{"asctime": "2024-09-16 09:30:42,532", "levelname": "INFO", "name": "daphne.server", "module": "server", "process": 18, "thread": 139626199112576, "message": "HTTP/2 support not enabled (install the http2 and tls Twisted extras)", "taskName": null}
{"asctime": "2024-09-16 09:30:42,532", "levelname": "INFO", "name": "daphne.server", "module": "server", "process": 18, "thread": 139626199112576, "message": "Configuring endpoint tcp:port=8080:interface=0.0.0.0", "taskName": null}
{"asctime": "2024-09-16 09:30:42,533", "levelname": "INFO", "name": "daphne.server", "module": "server", "process": 18, "thread": 139626199112576, "message": "Listening on TCP address 0.0.0.0:8080", "taskName": null}
{"asctime": "2024-09-16 09:30:47,425", "levelname": "INFO", "name": "pong.game.views", "module": "views", "process": 18, "thread": 139626135664320, "message": "Accessing index view", "taskName": null}
{"asctime": "2024-09-16 09:31:05,380", "levelname": "INFO", "name": "pong.game.views", "module": "views", "process": 18, "thread": 139626135664320, "message": "POST request received for checking user existence", "taskName": null}
{"asctime": "2024-09-16 09:31:05,392", "levelname": "INFO", "name": "pong.game.views", "module": "views", "process": 18, "thread": 139626135664320, "message": "User cccc does not exist", "taskName": null}
{"asctime": "2024-09-16 09:31:07,488", "levelname": "INFO", "name": "pong.game.views", "module": "views", "process": 18, "thread": 139626135664320, "message": "Received POST request for user registration", "taskName": null}
{"asctime": "2024-09-16 09:31:07,488", "levelname": "INFO", "name": "pong.game.views", "module": "views", "process": 18, "thread": 139626135664320, "message": "Attempting to register user: cccc", "taskName": null}
{"asctime": "2024-09-16 09:31:07,669", "levelname": "INFO", "name": "pong.game.views", "module": "views", "process": 18, "thread": 139626135664320, "message": "Generating or retrieving token for user: cccc", "taskName": null}
{"asctime": "2024-09-16 09:31:07,671", "levelname": "INFO", "name": "pong.game.views", "module": "views", "process": 18, "thread": 139626135664320, "message": "Token generated for user cccc: c42bbceb-3658-4e04-ba90-b1a3e60bb635", "taskName": null}
{"asctime": "2024-09-16 09:31:07,671", "levelname": "INFO", "name": "pong.game.views", "module": "views", "process": 18, "thread": 139626135664320, "message": "User cccc registered successfully", "taskName": null}
{"asctime": "2024-09-16 09:31:07,681", "levelname": "INFO", "name": "pong.game.consumers", "module": "consumers", "process": 18, "thread": 139626199112576, "message": "Connexion de l'utilisateur  \u00e0 la room main_room", "taskName": "Task-53"}
{"asctime": "2024-09-16 09:31:07,683", "levelname": "INFO", "name": "pong.game.consumers", "module": "consumers", "process": 18, "thread": 139626199112576, "message": "Message re\u00e7u: {'type': 'authenticate', 'username': 'cccc', 'token': 'c42bbceb-3658-4e04-ba90-b1a3e60bb635', 'room': 'main_room'}", "taskName": "Task-53"}
{"asctime": "2024-09-16 09:31:07,683", "levelname": "INFO", "name": "pong.game.consumers", "module": "consumers", "process": 18, "thread": 139626199112576, "message": "Authentification demand\u00e9e pour cccc", "taskName": "Task-53"}
{"asctime": "2024-09-16 09:31:07,683", "levelname": "INFO", "name": "pong.game.consumers", "module": "consumers", "process": 18, "thread": 139626199112576, "message": "Tentative d'authentification avec le token: c42bbceb-3658-4e04-ba90-b1a3e60bb635 pour l'utilisateur: cccc", "taskName": "Task-53"}
{"asctime": "2024-09-16 09:31:07,691", "levelname": "INFO", "name": "pong.game.consumers", "module": "consumers", "process": 18, "thread": 139626199112576, "message": "Utilisateur cccc authentifi\u00e9 avec succ\u00e8s", "taskName": "Task-53"}
{"asctime": "2024-09-16 09:31:07,691", "levelname": "INFO", "name": "pong.game.consumers", "module": "consumers", "process": 18, "thread": 139626199112576, "message": "Envoi d'un message de type authenticated de cccc dans la room main_room", "taskName": "Task-53"}
{"asctime": "2024-09-16 09:31:07,691", "levelname": "INFO", "name": "pong.game.consumers", "module": "consumers", "process": 18, "thread": 139626199112576, "message": "Connexion de l'utilisateur  \u00e0 son groupe personnel", "taskName": "Task-53"}
{"asctime": "2024-09-16 09:31:07,691", "levelname": "INFO", "name": "pong.game.consumers", "module": "consumers", "process": 18, "thread": 139626199112576, "message": "Diffusion d'un message de cccc \u00e0 la room main_room: Authentication successful", "taskName": "Task-53"}
{"asctime": "2024-09-16 09:31:12,015", "levelname": "INFO", "name": "pong.game.consumers", "module": "consumers", "process": 18, "thread": 139626199112576, "message": "Message re\u00e7u: {'type': 'chat_message', 'username': 'cccc', 'message': 'evev', 'room': 'main_room'}", "taskName": "Task-53"}
{"asctime": "2024-09-16 09:31:12,015", "levelname": "INFO", "name": "pong.game.consumers", "module": "consumers", "process": 18, "thread": 139626199112576, "message": "Message de chat envoy\u00e9 par cccc: evev", "taskName": "Task-53"}
{"asctime": "2024-09-16 09:31:12,015", "levelname": "INFO", "name": "pong.game.consumers", "module": "consumers", "process": 18, "thread": 139626199112576, "message": "Envoi d'un message de type chat_message de cccc dans la room main_room", "taskName": "Task-53"}
{"asctime": "2024-09-16 09:31:12,015", "levelname": "INFO", "name": "pong.game.consumers", "module": "consumers", "process": 18, "thread": 139626199112576, "message": "Diffusion d'un message de cccc \u00e0 la room main_room: evev", "taskName": "Task-53"}
{"asctime": "2024-09-16 09:31:13,891", "levelname": "INFO", "name": "pong.game.views", "module": "views", "process": 18, "thread": 139626022954688, "message": "Accessing index view", "taskName": null}
{"asctime": "2024-09-16 09:31:13,901", "levelname": "INFO", "name": "pong.game.consumers", "module": "consumers", "process": 18, "thread": 139626199112576, "message": "Envoi d'un message de type chat_message de cccc dans la room main_room", "taskName": "Task-53"}
{"asctime": "2024-09-16 09:31:13,901", "levelname": "INFO", "name": "pong.game.consumers", "module": "consumers", "process": 18, "thread": 139626199112576, "message": "cccc d\u00e9connect\u00e9 de la room main_room", "taskName": "Task-53"}
{"asctime": "2024-09-16 09:31:19,454", "levelname": "INFO", "name": "pong.game.views", "module": "views", "process": 18, "thread": 139625997776576, "message": "Accessing index view", "taskName": null}
{"asctime": "2024-09-16 09:31:53,122", "levelname": "INFO", "name": "pong.game.views", "module": "views", "process": 18, "thread": 139625997776576, "message": "POST request received for checking user existence", "taskName": null}
{"asctime": "2024-09-16 09:31:53,130", "levelname": "INFO", "name": "pong.game.views", "module": "views", "process": 18, "thread": 139625997776576, "message": "User fernand does not exist", "taskName": null}
{"asctime": "2024-09-16 09:32:00,911", "levelname": "INFO", "name": "pong.game.views", "module": "views", "process": 18, "thread": 139625997776576, "message": "Received POST request for user registration", "taskName": null}
{"asctime": "2024-09-16 09:32:00,911", "levelname": "INFO", "name": "pong.game.views", "module": "views", "process": 18, "thread": 139625997776576, "message": "Attempting to register user: fernand", "taskName": null}
{"asctime": "2024-09-16 09:32:01,095", "levelname": "INFO", "name": "pong.game.views", "module": "views", "process": 18, "thread": 139625997776576, "message": "Generating or retrieving token for user: fernand", "taskName": null}
{"asctime": "2024-09-16 09:32:01,096", "levelname": "INFO", "name": "pong.game.views", "module": "views", "process": 18, "thread": 139625997776576, "message": "Token generated for user fernand: f8d9be20-5485-427d-8560-3b726d597f06", "taskName": null}
{"asctime": "2024-09-16 09:32:01,097", "levelname": "INFO", "name": "pong.game.views", "module": "views", "process": 18, "thread": 139625997776576, "message": "User fernand registered successfully", "taskName": null}
{"asctime": "2024-09-16 09:32:01,116", "levelname": "INFO", "name": "pong.game.consumers", "module": "consumers", "process": 18, "thread": 139626199112576, "message": "Connexion de l'utilisateur  \u00e0 la room main_room", "taskName": "Task-157"}
{"asctime": "2024-09-16 09:32:01,119", "levelname": "INFO", "name": "pong.game.consumers", "module": "consumers", "process": 18, "thread": 139626199112576, "message": "Message re\u00e7u: {'type': 'authenticate', 'username': 'fernand', 'token': 'f8d9be20-5485-427d-8560-3b726d597f06', 'room': 'main_room'}", "taskName": "Task-157"}
{"asctime": "2024-09-16 09:32:01,120", "levelname": "INFO", "name": "pong.game.consumers", "module": "consumers", "process": 18, "thread": 139626199112576, "message": "Authentification demand\u00e9e pour fernand", "taskName": "Task-157"}
{"asctime": "2024-09-16 09:32:01,120", "levelname": "INFO", "name": "pong.game.consumers", "module": "consumers", "process": 18, "thread": 139626199112576, "message": "Tentative d'authentification avec le token: f8d9be20-5485-427d-8560-3b726d597f06 pour l'utilisateur: fernand", "taskName": "Task-157"}
{"asctime": "2024-09-16 09:32:01,129", "levelname": "INFO", "name": "pong.game.consumers", "module": "consumers", "process": 18, "thread": 139626199112576, "message": "Utilisateur fernand authentifi\u00e9 avec succ\u00e8s", "taskName": "Task-157"}
{"asctime": "2024-09-16 09:32:01,129", "levelname": "INFO", "name": "pong.game.consumers", "module": "consumers", "process": 18, "thread": 139626199112576, "message": "Envoi d'un message de type authenticated de fernand dans la room main_room", "taskName": "Task-157"}
{"asctime": "2024-09-16 09:32:01,129", "levelname": "INFO", "name": "pong.game.consumers", "module": "consumers", "process": 18, "thread": 139626199112576, "message": "Connexion de l'utilisateur  \u00e0 son groupe personnel", "taskName": "Task-157"}
{"asctime": "2024-09-16 09:32:01,130", "levelname": "INFO", "name": "pong.game.consumers", "module": "consumers", "process": 18, "thread": 139626199112576, "message": "Diffusion d'un message de fernand \u00e0 la room main_room: Authentication successful", "taskName": "Task-157"}
{"asctime": "2024-09-16 09:32:08,720", "levelname": "INFO", "name": "pong.game.views", "module": "views", "process": 18, "thread": 139625997776576, "message": "POST request received for checking user existence", "taskName": null}
{"asctime": "2024-09-16 09:32:08,728", "levelname": "INFO", "name": "pong.game.views", "module": "views", "process": 18, "thread": 139625997776576, "message": "User didier does not exist", "taskName": null}
{"asctime": "2024-09-16 09:32:13,528", "levelname": "INFO", "name": "pong.game.views", "module": "views", "process": 18, "thread": 139625997776576, "message": "Received POST request for user registration", "taskName": null}
{"asctime": "2024-09-16 09:32:13,529", "levelname": "INFO", "name": "pong.game.views", "module": "views", "process": 18, "thread": 139625997776576, "message": "Attempting to register user: didier", "taskName": null}
{"asctime": "2024-09-16 09:32:13,728", "levelname": "INFO", "name": "pong.game.views", "module": "views", "process": 18, "thread": 139625997776576, "message": "Generating or retrieving token for user: didier", "taskName": null}
{"asctime": "2024-09-16 09:32:13,731", "levelname": "INFO", "name": "pong.game.views", "module": "views", "process": 18, "thread": 139625997776576, "message": "Token generated for user didier: 9d183f61-44df-4f20-a00d-c4a28e5df9a5", "taskName": null}
{"asctime": "2024-09-16 09:32:13,731", "levelname": "INFO", "name": "pong.game.views", "module": "views", "process": 18, "thread": 139625997776576, "message": "User didier registered successfully", "taskName": null}
{"asctime": "2024-09-16 09:32:13,754", "levelname": "INFO", "name": "pong.game.consumers", "module": "consumers", "process": 18, "thread": 139626199112576, "message": "Connexion de l'utilisateur  \u00e0 la room main_room", "taskName": "Task-171"}
{"asctime": "2024-09-16 09:32:13,760", "levelname": "INFO", "name": "pong.game.consumers", "module": "consumers", "process": 18, "thread": 139626199112576, "message": "Message re\u00e7u: {'type': 'authenticate', 'username': 'didier', 'token': '9d183f61-44df-4f20-a00d-c4a28e5df9a5', 'room': 'main_room'}", "taskName": "Task-171"}
{"asctime": "2024-09-16 09:32:13,760", "levelname": "INFO", "name": "pong.game.consumers", "module": "consumers", "process": 18, "thread": 139626199112576, "message": "Authentification demand\u00e9e pour didier", "taskName": "Task-171"}
{"asctime": "2024-09-16 09:32:13,760", "levelname": "INFO", "name": "pong.game.consumers", "module": "consumers", "process": 18, "thread": 139626199112576, "message": "Tentative d'authentification avec le token: 9d183f61-44df-4f20-a00d-c4a28e5df9a5 pour l'utilisateur: didier", "taskName": "Task-171"}
{"asctime": "2024-09-16 09:32:13,772", "levelname": "INFO", "name": "pong.game.consumers", "module": "consumers", "process": 18, "thread": 139626199112576, "message": "Utilisateur didier authentifi\u00e9 avec succ\u00e8s", "taskName": "Task-171"}
{"asctime": "2024-09-16 09:32:13,772", "levelname": "INFO", "name": "pong.game.consumers", "module": "consumers", "process": 18, "thread": 139626199112576, "message": "Envoi d'un message de type authenticated de didier dans la room main_room", "taskName": "Task-171"}
{"asctime": "2024-09-16 09:32:13,772", "levelname": "INFO", "name": "pong.game.consumers", "module": "consumers", "process": 18, "thread": 139626199112576, "message": "Connexion de l'utilisateur  \u00e0 son groupe personnel", "taskName": "Task-171"}
{"asctime": "2024-09-16 09:32:13,772", "levelname": "INFO", "name": "pong.game.consumers", "module": "consumers", "process": 18, "thread": 139626199112576, "message": "Diffusion d'un message de didier \u00e0 la room main_room: Authentication successful", "taskName": "Task-157"}
{"asctime": "2024-09-16 09:32:13,773", "levelname": "INFO", "name": "pong.game.consumers", "module": "consumers", "process": 18, "thread": 139626199112576, "message": "Diffusion d'un message de didier \u00e0 la room main_room: Authentication successful", "taskName": "Task-171"}
{"asctime": "2024-09-16 09:32:20,809", "levelname": "INFO", "name": "pong.game.consumers", "module": "consumers", "process": 18, "thread": 139626199112576, "message": "Message re\u00e7u: {'type': 'chat_message', 'username': 'fernand', 'message': 'salut', 'room': 'main_room'}", "taskName": "Task-157"}
{"asctime": "2024-09-16 09:32:20,809", "levelname": "INFO", "name": "pong.game.consumers", "module": "consumers", "process": 18, "thread": 139626199112576, "message": "Message de chat envoy\u00e9 par fernand: salut", "taskName": "Task-157"}
{"asctime": "2024-09-16 09:32:20,809", "levelname": "INFO", "name": "pong.game.consumers", "module": "consumers", "process": 18, "thread": 139626199112576, "message": "Envoi d'un message de type chat_message de fernand dans la room main_room", "taskName": "Task-157"}
{"asctime": "2024-09-16 09:32:20,810", "levelname": "INFO", "name": "pong.game.consumers", "module": "consumers", "process": 18, "thread": 139626199112576, "message": "Diffusion d'un message de fernand \u00e0 la room main_room: salut", "taskName": "Task-157"}
{"asctime": "2024-09-16 09:32:20,810", "levelname": "INFO", "name": "pong.game.consumers", "module": "consumers", "process": 18, "thread": 139626199112576, "message": "Diffusion d'un message de fernand \u00e0 la room main_room: salut", "taskName": "Task-171"}
{"asctime": "2024-09-16 09:32:27,867", "levelname": "INFO", "name": "pong.game.consumers", "module": "consumers", "process": 18, "thread": 139626199112576, "message": "Message re\u00e7u: {'type': 'chat_message', 'username': 'didier', 'message': 'salut', 'room': 'main_room'}", "taskName": "Task-171"}
{"asctime": "2024-09-16 09:32:27,867", "levelname": "INFO", "name": "pong.game.consumers", "module": "consumers", "process": 18, "thread": 139626199112576, "message": "Message de chat envoy\u00e9 par didier: salut", "taskName": "Task-171"}
{"asctime": "2024-09-16 09:32:27,867", "levelname": "INFO", "name": "pong.game.consumers", "module": "consumers", "process": 18, "thread": 139626199112576, "message": "Envoi d'un message de type chat_message de didier dans la room main_room", "taskName": "Task-171"}
{"asctime": "2024-09-16 09:32:27,867", "levelname": "INFO", "name": "pong.game.consumers", "module": "consumers", "process": 18, "thread": 139626199112576, "message": "Diffusion d'un message de didier \u00e0 la room main_room: salut", "taskName": "Task-157"}
{"asctime": "2024-09-16 09:32:27,868", "levelname": "INFO", "name": "pong.game.consumers", "module": "consumers", "process": 18, "thread": 139626199112576, "message": "Diffusion d'un message de didier \u00e0 la room main_room: salut", "taskName": "Task-171"}
{"asctime": "2024-09-16 09:32:33,198", "levelname": "INFO", "name": "pong.game.consumers", "module": "consumers", "process": 18, "thread": 139626199112576, "message": "Connexion de l'utilisateur  \u00e0 la room tournament", "taskName": "Task-184"}
{"asctime": "2024-09-16 09:32:33,201", "levelname": "INFO", "name": "pong.game.consumers", "module": "consumers", "process": 18, "thread": 139626199112576, "message": "Message re\u00e7u: {'type': 'authenticate', 'username': 'fernand', 'token': 'f8d9be20-5485-427d-8560-3b726d597f06', 'room': 'tournament'}", "taskName": "Task-184"}
{"asctime": "2024-09-16 09:32:33,201", "levelname": "INFO", "name": "pong.game.consumers", "module": "consumers", "process": 18, "thread": 139626199112576, "message": "Authentification demand\u00e9e pour fernand", "taskName": "Task-184"}
{"asctime": "2024-09-16 09:32:33,201", "levelname": "INFO", "name": "pong.game.consumers", "module": "consumers", "process": 18, "thread": 139626199112576, "message": "Tentative d'authentification avec le token: f8d9be20-5485-427d-8560-3b726d597f06 pour l'utilisateur: fernand", "taskName": "Task-184"}
{"asctime": "2024-09-16 09:32:33,211", "levelname": "INFO", "name": "pong.game.consumers", "module": "consumers", "process": 18, "thread": 139626199112576, "message": "Utilisateur fernand authentifi\u00e9 avec succ\u00e8s", "taskName": "Task-184"}
{"asctime": "2024-09-16 09:32:33,211", "levelname": "INFO", "name": "pong.game.consumers", "module": "consumers", "process": 18, "thread": 139626199112576, "message": "Envoi d'un message de type authenticated de fernand dans la room tournament", "taskName": "Task-184"}
{"asctime": "2024-09-16 09:32:33,211", "levelname": "INFO", "name": "pong.game.consumers", "module": "consumers", "process": 18, "thread": 139626199112576, "message": "Connexion de l'utilisateur  \u00e0 son groupe personnel", "taskName": "Task-184"}
{"asctime": "2024-09-16 09:32:33,211", "levelname": "INFO", "name": "pong.game.consumers", "module": "consumers", "process": 18, "thread": 139626199112576, "message": "Diffusion d'un message de fernand \u00e0 la room tournament: Authentication successful", "taskName": "Task-184"}
{"asctime": "2024-09-16 09:32:33,214", "levelname": "INFO", "name": "pong.game.consumers", "module": "consumers", "process": 18, "thread": 139626199112576, "message": "User connected via WebSocket", "taskName": "Task-190"}
{"asctime": "2024-09-16 09:32:33,226", "levelname": "INFO", "name": "pong.game.consumers", "module": "consumers", "process": 18, "thread": 139626199112576, "message": "User fernand authenticated for tournament", "taskName": "Task-190"}
{"asctime": "2024-09-16 09:32:33,226", "levelname": "INFO", "name": "pong.game.consumers", "module": "consumers", "process": 18, "thread": 139626199112576, "message": "Joining tournament waiting room", "taskName": "Task-190"}
{"asctime": "2024-09-16 09:32:33,226", "levelname": "INFO", "name": "pong.game.tournament", "module": "tournament", "process": 18, "thread": 139626199112576, "message": "User fernand added to the TOURNAMENT WAITING ROOM", "taskName": "Task-190"}
{"asctime": "2024-09-16 09:32:33,232", "levelname": "INFO", "name": "pong.game.tournament", "module": "tournament", "process": 18, "thread": 139626199112576, "message": "TOURNAMENT WAITING ROOM HTML generated successfully", "taskName": "Task-190"}
{"asctime": "2024-09-16 09:32:33,233", "levelname": "INFO", "name": "pong.game.tournament", "module": "tournament", "process": 18, "thread": 139626199112576, "message": "TOURNAMENT WAITING ROOM updated and sent to all players", "taskName": "Task-190"}
{"asctime": "2024-09-16 09:32:39,988", "levelname": "INFO", "name": "pong.game.consumers", "module": "consumers", "process": 18, "thread": 139626199112576, "message": "Connexion de l'utilisateur  \u00e0 la room tournament", "taskName": "Task-195"}
{"asctime": "2024-09-16 09:32:39,991", "levelname": "INFO", "name": "pong.game.consumers", "module": "consumers", "process": 18, "thread": 139626199112576, "message": "Message re\u00e7u: {'type': 'authenticate', 'username': 'didier', 'token': '9d183f61-44df-4f20-a00d-c4a28e5df9a5', 'room': 'tournament'}", "taskName": "Task-195"}
{"asctime": "2024-09-16 09:32:39,991", "levelname": "INFO", "name": "pong.game.consumers", "module": "consumers", "process": 18, "thread": 139626199112576, "message": "Authentification demand\u00e9e pour didier", "taskName": "Task-195"}
{"asctime": "2024-09-16 09:32:39,991", "levelname": "INFO", "name": "pong.game.consumers", "module": "consumers", "process": 18, "thread": 139626199112576, "message": "Tentative d'authentification avec le token: 9d183f61-44df-4f20-a00d-c4a28e5df9a5 pour l'utilisateur: didier", "taskName": "Task-195"}
{"asctime": "2024-09-16 09:32:40,000", "levelname": "INFO", "name": "pong.game.consumers", "module": "consumers", "process": 18, "thread": 139626199112576, "message": "Utilisateur didier authentifi\u00e9 avec succ\u00e8s", "taskName": "Task-195"}
{"asctime": "2024-09-16 09:32:40,000", "levelname": "INFO", "name": "pong.game.consumers", "module": "consumers", "process": 18, "thread": 139626199112576, "message": "Envoi d'un message de type authenticated de didier dans la room tournament", "taskName": "Task-195"}
{"asctime": "2024-09-16 09:32:40,000", "levelname": "INFO", "name": "pong.game.consumers", "module": "consumers", "process": 18, "thread": 139626199112576, "message": "Connexion de l'utilisateur  \u00e0 son groupe personnel", "taskName": "Task-195"}
{"asctime": "2024-09-16 09:32:40,000", "levelname": "INFO", "name": "pong.game.consumers", "module": "consumers", "process": 18, "thread": 139626199112576, "message": "Diffusion d'un message de didier \u00e0 la room tournament: Authentication successful", "taskName": "Task-184"}
{"asctime": "2024-09-16 09:32:40,001", "levelname": "INFO", "name": "pong.game.consumers", "module": "consumers", "process": 18, "thread": 139626199112576, "message": "Diffusion d'un message de didier \u00e0 la room tournament: Authentication successful", "taskName": "Task-195"}
{"asctime": "2024-09-16 09:32:40,004", "levelname": "INFO", "name": "pong.game.consumers", "module": "consumers", "process": 18, "thread": 139626199112576, "message": "User connected via WebSocket", "taskName": "Task-202"}
{"asctime": "2024-09-16 09:32:40,013", "levelname": "INFO", "name": "pong.game.consumers", "module": "consumers", "process": 18, "thread": 139626199112576, "message": "User didier authenticated for tournament", "taskName": "Task-202"}
{"asctime": "2024-09-16 09:32:40,013", "levelname": "INFO", "name": "pong.game.consumers", "module": "consumers", "process": 18, "thread": 139626199112576, "message": "Joining tournament waiting room", "taskName": "Task-202"}
{"asctime": "2024-09-16 09:32:40,013", "levelname": "INFO", "name": "pong.game.tournament", "module": "tournament", "process": 18, "thread": 139626199112576, "message": "User didier added to the TOURNAMENT WAITING ROOM", "taskName": "Task-202"}
{"asctime": "2024-09-16 09:32:40,014", "levelname": "INFO", "name": "pong.game.tournament", "module": "tournament", "process": 18, "thread": 139626199112576, "message": "TOURNAMENT WAITING ROOM HTML generated successfully", "taskName": "Task-202"}
{"asctime": "2024-09-16 09:32:40,014", "levelname": "INFO", "name": "pong.game.tournament", "module": "tournament", "process": 18, "thread": 139626199112576, "message": "TOURNAMENT WAITING ROOM updated and sent to all players", "taskName": "Task-202"}
{"asctime": "2024-09-16 09:32:45,470", "levelname": "INFO", "name": "pong.game.consumers", "module": "consumers", "process": 18, "thread": 139626199112576, "message": "Message re\u00e7u: {'type': 'chat_message', 'username': 'didier', 'message': 'ye', 'room': 'tournament'}", "taskName": "Task-195"}
{"asctime": "2024-09-16 09:32:45,470", "levelname": "INFO", "name": "pong.game.consumers", "module": "consumers", "process": 18, "thread": 139626199112576, "message": "Message de chat envoy\u00e9 par didier: ye", "taskName": "Task-195"}
{"asctime": "2024-09-16 09:32:45,470", "levelname": "INFO", "name": "pong.game.consumers", "module": "consumers", "process": 18, "thread": 139626199112576, "message": "Envoi d'un message de type chat_message de didier dans la room tournament", "taskName": "Task-195"}
{"asctime": "2024-09-16 09:32:45,470", "levelname": "INFO", "name": "pong.game.consumers", "module": "consumers", "process": 18, "thread": 139626199112576, "message": "Diffusion d'un message de didier \u00e0 la room tournament: ye", "taskName": "Task-184"}
{"asctime": "2024-09-16 09:32:45,471", "levelname": "INFO", "name": "pong.game.consumers", "module": "consumers", "process": 18, "thread": 139626199112576, "message": "Diffusion d'un message de didier \u00e0 la room tournament: ye", "taskName": "Task-195"}
{"asctime": "2024-09-16 09:32:52,813", "levelname": "INFO", "name": "pong.game.consumers", "module": "consumers", "process": 18, "thread": 139626199112576, "message": "Message re\u00e7u: {'type': 'chat_message', 'username': 'didier', 'message': 'dehidfhie', 'room': 'main_room'}", "taskName": "Task-171"}
{"asctime": "2024-09-16 09:32:52,814", "levelname": "INFO", "name": "pong.game.consumers", "module": "consumers", "process": 18, "thread": 139626199112576, "message": "Message de chat envoy\u00e9 par didier: dehidfhie", "taskName": "Task-171"}
{"asctime": "2024-09-16 09:32:52,814", "levelname": "INFO", "name": "pong.game.consumers", "module": "consumers", "process": 18, "thread": 139626199112576, "message": "Envoi d'un message de type chat_message de didier dans la room main_room", "taskName": "Task-171"}
{"asctime": "2024-09-16 09:32:52,814", "levelname": "INFO", "name": "pong.game.consumers", "module": "consumers", "process": 18, "thread": 139626199112576, "message": "Diffusion d'un message de didier \u00e0 la room main_room: dehidfhie", "taskName": "Task-157"}
{"asctime": "2024-09-16 09:32:52,814", "levelname": "INFO", "name": "pong.game.consumers", "module": "consumers", "process": 18, "thread": 139626199112576, "message": "Diffusion d'un message de didier \u00e0 la room main_room: dehidfhie", "taskName": "Task-171"}
{"asctime": "2024-09-16 09:33:11,571", "levelname": "INFO", "name": "pong.game.consumers", "module": "consumers", "process": 18, "thread": 139626199112576, "message": "Message re\u00e7u: {'type': 'block_user', 'username': 'fernand', 'target_user': 'didier', 'room': 'main_room'}", "taskName": "Task-157"}
{"asctime": "2024-09-16 09:33:11,571", "levelname": "INFO", "name": "pong.game.consumers", "module": "consumers", "process": 18, "thread": 139626199112576, "message": "fernand tente de bloquer didier", "taskName": "Task-157"}
{"asctime": "2024-09-16 09:33:11,571", "levelname": "INFO", "name": "pong.game.consumers", "module": "consumers", "process": 18, "thread": 139626199112576, "message": "handle_block_user appel\u00e9 avec : {'type': 'block_user', 'username': 'fernand', 'target_user': 'didier', 'room': 'main_room'}", "taskName": "Task-157"}
{"asctime": "2024-09-16 09:33:11,571", "levelname": "INFO", "name": "pong.game.consumers", "module": "consumers", "process": 18, "thread": 139626199112576, "message": "fernand a bloqu\u00e9 didier", "taskName": "Task-157"}
{"asctime": "2024-09-16 09:33:18,659", "levelname": "INFO", "name": "pong.game.consumers", "module": "consumers", "process": 18, "thread": 139626199112576, "message": "Message re\u00e7u: {'type': 'chat_message', 'username': 'didier', 'message': 'conard', 'room': 'main_room'}", "taskName": "Task-171"}
{"asctime": "2024-09-16 09:33:18,660", "levelname": "INFO", "name": "pong.game.consumers", "module": "consumers", "process": 18, "thread": 139626199112576, "message": "Message de chat envoy\u00e9 par didier: conard", "taskName": "Task-171"}
{"asctime": "2024-09-16 09:33:18,660", "levelname": "INFO", "name": "pong.game.consumers", "module": "consumers", "process": 18, "thread": 139626199112576, "message": "Envoi d'un message de type chat_message de didier dans la room main_room", "taskName": "Task-171"}
{"asctime": "2024-09-16 09:33:18,660", "levelname": "INFO", "name": "pong.game.consumers", "module": "consumers", "process": 18, "thread": 139626199112576, "message": "Diffusion d'un message de didier \u00e0 la room main_room: conard", "taskName": "Task-157"}
{"asctime": "2024-09-16 09:33:18,660", "levelname": "INFO", "name": "pong.game.consumers", "module": "consumers", "process": 18, "thread": 139626199112576, "message": "Diffusion d'un message de didier \u00e0 la room main_room: conard", "taskName": "Task-171"}
{"asctime": "2024-09-16 09:33:22,824", "levelname": "INFO", "name": "pong.game.consumers", "module": "consumers", "process": 18, "thread": 139626199112576, "message": "Message re\u00e7u: {'type': 'chat_message', 'username': 'fernand', 'message': 'vdvd', 'room': 'main_room'}", "taskName": "Task-157"}
{"asctime": "2024-09-16 09:33:22,824", "levelname": "INFO", "name": "pong.game.consumers", "module": "consumers", "process": 18, "thread": 139626199112576, "message": "Message de chat envoy\u00e9 par fernand: vdvd", "taskName": "Task-157"}
{"asctime": "2024-09-16 09:33:22,824", "levelname": "INFO", "name": "pong.game.consumers", "module": "consumers", "process": 18, "thread": 139626199112576, "message": "Envoi d'un message de type chat_message de fernand dans la room main_room", "taskName": "Task-157"}
{"asctime": "2024-09-16 09:33:22,824", "levelname": "INFO", "name": "pong.game.consumers", "module": "consumers", "process": 18, "thread": 139626199112576, "message": "Diffusion d'un message de fernand \u00e0 la room main_room: vdvd", "taskName": "Task-157"}
{"asctime": "2024-09-16 09:33:22,825", "levelname": "INFO", "name": "pong.game.consumers", "module": "consumers", "process": 18, "thread": 139626199112576, "message": "Diffusion d'un message de fernand \u00e0 la room main_room: vdvd", "taskName": "Task-171"}
{"asctime": "2024-09-16 09:34:07,252", "levelname": "INFO", "name": "pong.game.consumers", "module": "consumers", "process": 18, "thread": 139626199112576, "message": "Message re\u00e7u: {'type': 'invite', 'username': 'didier', 'target_user': 'fernand', 'room': 'main_room'}", "taskName": "Task-171"}
{"asctime": "2024-09-16 09:34:07,252", "levelname": "INFO", "name": "pong.game.consumers", "module": "consumers", "process": 18, "thread": 139626199112576, "message": "Invitation envoy\u00e9e de didier \u00e0 fernand dans la room main_room", "taskName": "Task-171"}
{"asctime": "2024-09-16 09:34:07,252", "levelname": "INFO", "name": "pong.game.consumers", "module": "consumers", "process": 18, "thread": 139626199112576, "message": "Envoi d'un message de type chat_message de server dans la room main_room", "taskName": "Task-171"}
{"asctime": "2024-09-16 09:34:07,253", "levelname": "INFO", "name": "pong.game.consumers", "module": "consumers", "process": 18, "thread": 139626199112576, "message": "Diffusion d'un message de server \u00e0 la room main_room: didier a invit\u00e9 fernand \u00e0 rejoindre une partie main_room", "taskName": "Task-157"}
{"asctime": "2024-09-16 09:34:07,253", "levelname": "INFO", "name": "pong.game.consumers", "module": "consumers", "process": 18, "thread": 139626199112576, "message": "Diffusion d'un message de server \u00e0 la room main_room: didier a invit\u00e9 fernand \u00e0 rejoindre une partie main_room", "taskName": "Task-171"}
{"asctime": "2024-09-16 09:34:07,253", "levelname": "INFO", "name": "pong.game.consumers", "module": "consumers", "process": 18, "thread": 139626199112576, "message": "invite: Envoi de l'invitation \u00e0 l'utilisateur via WebSocket. Inviter=didier, Room=main_room, Message=didier vous a invit\u00e9 \u00e0 rejoindre la room main_room.", "taskName": "Task-157"}
{"asctime": "2024-09-16 09:34:07,253", "levelname": "INFO", "name": "pong.game.consumers", "module": "consumers", "process": 18, "thread": 139626199112576, "message": "invite: Envoi de l'invitation \u00e0 l'utilisateur via WebSocket. Inviter=didier, Room=main_room, Message=didier vous a invit\u00e9 \u00e0 rejoindre la room main_room.", "taskName": "Task-171"}
{"asctime": "2024-09-16 09:34:11,128", "levelname": "INFO", "name": "pong.game.consumers", "module": "consumers", "process": 18, "thread": 139626199112576, "message": "Message re\u00e7u: {'type': 'invite_response', 'username': 'fernand', 'response': 'yes', 'inviter': 'didier', 'room': 'main_room'}", "taskName": "Task-157"}
{"asctime": "2024-09-16 09:34:11,128", "levelname": "INFO", "name": "pong.game.consumers", "module": "consumers", "process": 18, "thread": 139626199112576, "message": "fernand a r\u00e9pondu 'yes' \u00e0 l'invitation de didier", "taskName": "Task-157"}
{"asctime": "2024-09-16 09:34:11,128", "levelname": "INFO", "name": "pong.game.consumers", "module": "consumers", "process": 18, "thread": 139626199112576, "message": "Envoi d'un message de type chat_message de server dans la room main_room", "taskName": "Task-157"}
{"asctime": "2024-09-16 09:34:11,128", "levelname": "INFO", "name": "pong.game.consumers", "module": "consumers", "process": 18, "thread": 139626199112576, "message": "Diffusion d'un message de server \u00e0 la room main_room: fernand a r\u00e9pondu yes \u00e0 l'invitation.", "taskName": "Task-157"}
{"asctime": "2024-09-16 09:34:11,129", "levelname": "INFO", "name": "pong.game.consumers", "module": "consumers", "process": 18, "thread": 139626199112576, "message": "Diffusion d'un message de server \u00e0 la room main_room: fernand a r\u00e9pondu yes \u00e0 l'invitation.", "taskName": "Task-171"}
{"asctime": "2024-09-16 09:34:11,129", "levelname": "INFO", "name": "pong.game.consumers", "module": "consumers", "process": 18, "thread": 139626199112576, "message": "invite_response: Envoi de la r\u00e9ponse \u00e0 l'invitation via WebSocket. Message=fernand a r\u00e9pondu yes \u00e0 l'invitation., Response=yes, Inviter=didier", "taskName": "Task-157"}
{"asctime": "2024-09-16 09:34:11,129", "levelname": "INFO", "name": "pong.game.consumers", "module": "consumers", "process": 18, "thread": 139626199112576, "message": "invite_response: Envoi de la r\u00e9ponse \u00e0 l'invitation via WebSocket. Message=fernand a r\u00e9pondu yes \u00e0 l'invitation., Response=yes, Inviter=didier", "taskName": "Task-171"}
{"asctime": "2024-09-16 09:34:11,189", "levelname": "INFO", "name": "pong.game.consumers", "module": "consumers", "process": 18, "thread": 139626199112576, "message": "Connexion de l'utilisateur  \u00e0 la room quick_match", "taskName": "Task-234"}
{"asctime": "2024-09-16 09:34:11,191", "levelname": "INFO", "name": "pong.game.consumers", "module": "consumers", "process": 18, "thread": 139626199112576, "message": "Message re\u00e7u: {'type': 'authenticate', 'username': 'didier', 'token': '9d183f61-44df-4f20-a00d-c4a28e5df9a5', 'room': 'quick_match'}", "taskName": "Task-234"}
{"asctime": "2024-09-16 09:34:11,192", "levelname": "INFO", "name": "pong.game.consumers", "module": "consumers", "process": 18, "thread": 139626199112576, "message": "Authentification demand\u00e9e pour didier", "taskName": "Task-234"}
{"asctime": "2024-09-16 09:34:11,192", "levelname": "INFO", "name": "pong.game.consumers", "module": "consumers", "process": 18, "thread": 139626199112576, "message": "Tentative d'authentification avec le token: 9d183f61-44df-4f20-a00d-c4a28e5df9a5 pour l'utilisateur: didier", "taskName": "Task-234"}
{"asctime": "2024-09-16 09:34:11,201", "levelname": "INFO", "name": "pong.game.consumers", "module": "consumers", "process": 18, "thread": 139626199112576, "message": "Utilisateur didier authentifi\u00e9 avec succ\u00e8s", "taskName": "Task-234"}
{"asctime": "2024-09-16 09:34:11,202", "levelname": "INFO", "name": "pong.game.consumers", "module": "consumers", "process": 18, "thread": 139626199112576, "message": "Envoi d'un message de type authenticated de didier dans la room quick_match", "taskName": "Task-234"}
{"asctime": "2024-09-16 09:34:11,202", "levelname": "INFO", "name": "pong.game.consumers", "module": "consumers", "process": 18, "thread": 139626199112576, "message": "Connexion de l'utilisateur  \u00e0 son groupe personnel", "taskName": "Task-234"}
{"asctime": "2024-09-16 09:34:11,202", "levelname": "INFO", "name": "pong.game.consumers", "module": "consumers", "process": 18, "thread": 139626199112576, "message": "Diffusion d'un message de didier \u00e0 la room quick_match: Authentication successful", "taskName": "Task-234"}
{"asctime": "2024-09-16 09:34:13,140", "levelname": "INFO", "name": "pong.game.consumers", "module": "consumers", "process": 18, "thread": 139626199112576, "message": "Connexion de l'utilisateur  \u00e0 la room quick_match", "taskName": "Task-240"}
{"asctime": "2024-09-16 09:34:13,143", "levelname": "INFO", "name": "pong.game.consumers", "module": "consumers", "process": 18, "thread": 139626199112576, "message": "Message re\u00e7u: {'type': 'authenticate', 'username': 'fernand', 'token': 'f8d9be20-5485-427d-8560-3b726d597f06', 'room': 'quick_match'}", "taskName": "Task-240"}
{"asctime": "2024-09-16 09:34:13,144", "levelname": "INFO", "name": "pong.game.consumers", "module": "consumers", "process": 18, "thread": 139626199112576, "message": "Authentification demand\u00e9e pour fernand", "taskName": "Task-240"}
{"asctime": "2024-09-16 09:34:13,144", "levelname": "INFO", "name": "pong.game.consumers", "module": "consumers", "process": 18, "thread": 139626199112576, "message": "Tentative d'authentification avec le token: f8d9be20-5485-427d-8560-3b726d597f06 pour l'utilisateur: fernand", "taskName": "Task-240"}
{"asctime": "2024-09-16 09:34:13,154", "levelname": "INFO", "name": "pong.game.consumers", "module": "consumers", "process": 18, "thread": 139626199112576, "message": "Utilisateur fernand authentifi\u00e9 avec succ\u00e8s", "taskName": "Task-240"}
{"asctime": "2024-09-16 09:34:13,154", "levelname": "INFO", "name": "pong.game.consumers", "module": "consumers", "process": 18, "thread": 139626199112576, "message": "Envoi d'un message de type authenticated de fernand dans la room quick_match", "taskName": "Task-240"}
{"asctime": "2024-09-16 09:34:13,154", "levelname": "INFO", "name": "pong.game.consumers", "module": "consumers", "process": 18, "thread": 139626199112576, "message": "Connexion de l'utilisateur  \u00e0 son groupe personnel", "taskName": "Task-240"}
{"asctime": "2024-09-16 09:34:13,155", "levelname": "INFO", "name": "pong.game.consumers", "module": "consumers", "process": 18, "thread": 139626199112576, "message": "Diffusion d'un message de fernand \u00e0 la room quick_match: Authentication successful", "taskName": "Task-234"}
{"asctime": "2024-09-16 09:34:13,155", "levelname": "INFO", "name": "pong.game.consumers", "module": "consumers", "process": 18, "thread": 139626199112576, "message": "Diffusion d'un message de fernand \u00e0 la room quick_match: Authentication successful", "taskName": "Task-240"}
